{"message":"Shout server up, listening on port 9000","level":"info","timestamp":"2018-06-23T23:21:52.053Z"}
{"message":"Shout server up, listening on port 9000","level":"info","timestamp":"2018-06-23T23:23:02.921Z"}
{"message":"#######################################################","level":"info","timestamp":"2018-06-23T23:23:53.456Z"}
{"message":"                      shout!","level":"info","timestamp":"2018-06-23T23:23:53.457Z"}
{"message":"Shout server up, listening on port 9000","level":"info","timestamp":"2018-06-23T23:23:53.458Z"}
{"message":"#######################################################","level":"info","timestamp":"2018-06-23T23:23:53.458Z"}
{"message":"#######################################################","level":"info","timestamp":"2018-06-23T23:24:06.988Z"}
{"message":"shout!","level":"info","timestamp":"2018-06-23T23:24:06.989Z"}
{"message":"Shout server up, listening on port 9000","level":"info","timestamp":"2018-06-23T23:24:06.990Z"}
{"message":"#######################################################","level":"info","timestamp":"2018-06-23T23:24:06.990Z"}
{"message":"#######################################################","level":"info","timestamp":"2018-06-23T23:24:46.097Z"}
{"message":"shout!","level":"info","timestamp":"2018-06-23T23:24:46.099Z"}
{"message":"Copyright 2018 Joe Attardi","level":"info","timestamp":"2018-06-23T23:24:46.099Z"}
{"message":"Released under the terms of the MIT License","level":"info","timestamp":"2018-06-23T23:24:46.099Z"}
{"message":"Shout server up, listening on port 9000","level":"info","timestamp":"2018-06-23T23:24:46.099Z"}
{"message":"#######################################################","level":"info","timestamp":"2018-06-23T23:24:46.099Z"}
{"message":"Shout server up, listening on port 9000","level":"info","timestamp":"2018-06-23T23:26:51.004Z"}
{"message":"Shout server up, listening on port 9000","level":"info","timestamp":"2018-06-23T23:26:58.647Z"}
{"message":"Shout server up, listening on port 9000","level":"info","timestamp":"2018-06-23T23:27:38.178Z"}
{"message":"Shout server up, listening on port 9000","level":"info","timestamp":"2018-06-24T01:25:28.644Z"}
{"message":"Shout server up, listening on port 9000","level":"info","timestamp":"2018-06-24T01:25:48.611Z"}
{"level":"info","message":"Server starting up on","timestamp":"2018-06-24T01:28:00.289Z"}
{"message":"Shout server up, listening on port 9000","level":"info","timestamp":"2018-06-24T01:28:00.302Z"}
{"level":"info","message":"Server starting up on","timestamp":"2018-06-24T01:28:06.849Z"}
{"message":"Shout server up, listening on port 9000","level":"info","timestamp":"2018-06-24T01:28:06.862Z"}
{"message":"Server starting up on Sat Jun 23 2018 21:29:05 GMT-0400 (EDT)","level":"info","timestamp":"2018-06-24T01:29:05.537Z"}
{"message":"Shout server up, listening on port 9000","level":"info","timestamp":"2018-06-24T01:29:05.549Z"}
{"message":"Server starting up on Sat Jun 23 2018 21:29:17 GMT-0400 (EDT)","level":"info","timestamp":"2018-06-24T01:29:17.653Z"}
{"message":"Server up, listening on port 9000","level":"info","timestamp":"2018-06-24T01:29:17.666Z"}
{"message":"Server starting up on Sat Jun 23 2018 21:39:28 GMT-0400 (EDT)","level":"info","timestamp":"2018-06-24T01:39:28.893Z"}
{"message":"Server up, listening on port 9000","level":"info","timestamp":"2018-06-24T01:39:28.919Z"}
{"message":"Server starting up on Sat Jun 23 2018 21:41:46 GMT-0400 (EDT)","level":"info","timestamp":"2018-06-24T01:41:46.258Z"}
{"message":"Verifying database connection","level":"info","timestamp":"2018-06-24T01:41:46.259Z"}
{"message":"Server up, listening on port 9000","level":"info","timestamp":"2018-06-24T01:41:46.275Z"}
{"message":"Database connection successful","level":"info","timestamp":"2018-06-24T01:41:46.307Z"}
{"message":"Server starting up on Sat Jun 23 2018 21:44:48 GMT-0400 (EDT)","level":"info","timestamp":"2018-06-24T01:44:48.973Z"}
{"message":"Verifying database connection","level":"info","timestamp":"2018-06-24T01:44:48.974Z"}
{"message":"Server up, listening on port 9000","level":"info","timestamp":"2018-06-24T01:44:48.990Z"}
{"message":"Database connection successful","level":"info","timestamp":"2018-06-24T01:44:49.018Z"}
{"message":"Server starting up on Sat Jun 23 2018 21:45:05 GMT-0400 (EDT)","level":"info","timestamp":"2018-06-24T01:45:05.579Z"}
{"message":"Verifying database connection","level":"info","timestamp":"2018-06-24T01:45:05.580Z"}
{"message":"Server up, listening on port 9000","level":"info","timestamp":"2018-06-24T01:45:05.592Z"}
{"message":"Database connection successful","level":"info","timestamp":"2018-06-24T01:45:05.622Z"}
{"message":"Server starting up on Sat Jun 23 2018 21:45:30 GMT-0400 (EDT)","level":"info","timestamp":"2018-06-24T01:45:30.047Z"}
{"message":"Verifying database connection","level":"info","timestamp":"2018-06-24T01:45:30.048Z"}
{"message":"Server up, listening on port 9000","level":"info","timestamp":"2018-06-24T01:45:30.060Z"}
{"message":"Database connection successful","level":"info","timestamp":"2018-06-24T01:45:30.090Z"}
{"message":"Server starting up on Sat Jun 23 2018 21:45:53 GMT-0400 (EDT)","level":"info","timestamp":"2018-06-24T01:45:53.126Z"}
{"message":"Verifying database connection","level":"info","timestamp":"2018-06-24T01:45:53.128Z"}
{"message":"Server up, listening on port 9000","level":"info","timestamp":"2018-06-24T01:45:53.142Z"}
{"message":"Executing (default): SELECT 1+1 AS result","level":"info","timestamp":"2018-06-24T01:45:53.173Z"}
{"message":"Database connection successful","level":"info","timestamp":"2018-06-24T01:45:53.174Z"}
{"message":"Server starting up on Sat Jun 23 2018 21:45:56 GMT-0400 (EDT)","level":"info","timestamp":"2018-06-24T01:45:56.405Z"}
{"message":"Verifying database connection","level":"info","timestamp":"2018-06-24T01:45:56.406Z"}
{"message":"Server up, listening on port 9000","level":"info","timestamp":"2018-06-24T01:45:56.418Z"}
{"message":"Database connection successful","level":"info","timestamp":"2018-06-24T01:45:56.450Z"}
{"message":"Server starting up on Sat Jun 23 2018 21:46:16 GMT-0400 (EDT)","level":"info","timestamp":"2018-06-24T01:46:16.907Z"}
{"message":"Verifying database connection","level":"info","timestamp":"2018-06-24T01:46:16.909Z"}
{"message":"Server up, listening on port 9000","level":"info","timestamp":"2018-06-24T01:46:16.921Z"}
{"message":"Database connection successful","level":"info","timestamp":"2018-06-24T01:46:16.955Z"}
{"message":"Server starting up on Sat Jun 23 2018 21:46:31 GMT-0400 (EDT)","level":"info","timestamp":"2018-06-24T01:46:31.412Z"}
{"message":"Verifying database connection","level":"info","timestamp":"2018-06-24T01:46:31.413Z"}
{"message":"Server up, listening on port 9000","level":"info","timestamp":"2018-06-24T01:46:31.425Z"}
{"message":"Database connection successful","level":"info","timestamp":"2018-06-24T01:46:31.459Z"}
{"message":"Server starting up on Sat Jun 23 2018 21:46:44 GMT-0400 (EDT)","level":"info","timestamp":"2018-06-24T01:46:44.096Z"}
{"message":"Verifying database connection","level":"info","timestamp":"2018-06-24T01:46:44.097Z"}
{"message":"Server up, listening on port 9000","level":"info","timestamp":"2018-06-24T01:46:44.110Z"}
{"message":"Executing (default): SELECT 1+1 AS result","level":"debug","timestamp":"2018-06-24T01:46:44.142Z"}
{"message":"Database connection successful","level":"info","timestamp":"2018-06-24T01:46:44.143Z"}
{"message":"Server starting up on Sat Jun 23 2018 21:47:21 GMT-0400 (EDT)","level":"info","timestamp":"2018-06-24T01:47:21.475Z"}
{"message":"Verifying database connection","level":"info","timestamp":"2018-06-24T01:47:21.476Z"}
{"message":"Server up, listening on port 9000","level":"info","timestamp":"2018-06-24T01:47:21.488Z"}
{"message":"Executing (default): SELECT 1+1 AS result","level":"debug","timestamp":"2018-06-24T01:47:21.519Z"}
{"message":"Database connection successful","level":"info","timestamp":"2018-06-24T01:47:21.520Z"}
{"message":"Server starting up on Sat Jun 23 2018 21:47:48 GMT-0400 (EDT)","level":"info","timestamp":"2018-06-24T01:47:48.449Z"}
{"message":"Verifying database connection","level":"info","timestamp":"2018-06-24T01:47:48.450Z"}
{"message":"Server up, listening on port 9000","level":"info","timestamp":"2018-06-24T01:47:48.463Z"}
{"message":"Unable to connect to database, shutting down","level":"error","timestamp":"2018-06-24T01:47:48.479Z"}
{"message":"Server starting up on Sat Jun 23 2018 21:49:07 GMT-0400 (EDT)","level":"info","timestamp":"2018-06-24T01:49:07.032Z"}
{"message":"Verifying database connection","level":"info","timestamp":"2018-06-24T01:49:07.033Z"}
{"message":"Server up, listening on port 9000","level":"info","timestamp":"2018-06-24T01:49:07.046Z"}
{"message":"Executing (default): SELECT 1+1 AS result","level":"debug","timestamp":"2018-06-24T01:49:07.077Z"}
{"message":"Database connection successful","level":"info","timestamp":"2018-06-24T01:49:07.077Z"}
{"message":"Server starting up on Sat Jun 23 2018 21:49:20 GMT-0400 (EDT)","level":"info","timestamp":"2018-06-24T01:49:20.024Z"}
{"message":"Verifying database connection","level":"info","timestamp":"2018-06-24T01:49:20.026Z"}
{"message":"Server up, listening on port 9000","level":"info","timestamp":"2018-06-24T01:49:20.039Z"}
{"message":"Unable to connect to database, shutting down","level":"error","timestamp":"2018-06-24T01:49:20.055Z"}
{"message":"Server starting up on Sat Jun 23 2018 21:49:33 GMT-0400 (EDT)","level":"info","timestamp":"2018-06-24T01:49:33.188Z"}
{"message":"Verifying database connection","level":"info","timestamp":"2018-06-24T01:49:33.190Z"}
{"message":"Server up, listening on port 9000","level":"info","timestamp":"2018-06-24T01:49:33.203Z"}
{"message":"Executing (default): SELECT 1+1 AS result","level":"debug","timestamp":"2018-06-24T01:49:33.236Z"}
{"message":"Database connection successful","level":"info","timestamp":"2018-06-24T01:49:33.237Z"}
{"message":"Server starting up on Sat Jun 23 2018 21:50:53 GMT-0400 (EDT)","level":"info","timestamp":"2018-06-24T01:50:53.737Z"}
{"message":"Verifying database connection","level":"info","timestamp":"2018-06-24T01:50:53.738Z"}
{"message":"Server up, listening on port 9000","level":"info","timestamp":"2018-06-24T01:50:53.753Z"}
{"message":"Executing (default): SELECT 1+1 AS result","level":"debug","timestamp":"2018-06-24T01:50:53.783Z"}
{"message":"Database connection successful","level":"info","timestamp":"2018-06-24T01:50:53.784Z"}
{"message":"Server shutting down on Sat Jun 23 2018 21:50:54 GMT-0400 (EDT)","level":"info","timestamp":"2018-06-24T01:50:54.528Z"}
{"message":"Server shutting down on Sat Jun 23 2018 21:50:57 GMT-0400 (EDT)","level":"info","timestamp":"2018-06-24T01:50:57.722Z"}
{"message":"Server shutting down on Sat Jun 23 2018 21:50:58 GMT-0400 (EDT)","level":"info","timestamp":"2018-06-24T01:50:58.139Z"}
{"message":"Server shutting down on Sat Jun 23 2018 21:50:58 GMT-0400 (EDT)","level":"info","timestamp":"2018-06-24T01:50:58.307Z"}
{"message":"Server shutting down on Sat Jun 23 2018 21:50:58 GMT-0400 (EDT)","level":"info","timestamp":"2018-06-24T01:50:58.442Z"}
{"message":"Server shutting down on Sat Jun 23 2018 21:50:58 GMT-0400 (EDT)","level":"info","timestamp":"2018-06-24T01:50:58.589Z"}
{"message":"Server shutting down on Sat Jun 23 2018 21:50:58 GMT-0400 (EDT)","level":"info","timestamp":"2018-06-24T01:50:58.724Z"}
{"message":"Server shutting down on Sat Jun 23 2018 21:50:58 GMT-0400 (EDT)","level":"info","timestamp":"2018-06-24T01:50:58.859Z"}
{"message":"Server shutting down on Sat Jun 23 2018 21:50:58 GMT-0400 (EDT)","level":"info","timestamp":"2018-06-24T01:50:58.995Z"}
{"message":"Server shutting down on Sat Jun 23 2018 21:50:59 GMT-0400 (EDT)","level":"info","timestamp":"2018-06-24T01:50:59.118Z"}
{"message":"Server shutting down on Sat Jun 23 2018 21:50:59 GMT-0400 (EDT)","level":"info","timestamp":"2018-06-24T01:50:59.264Z"}
{"message":"Server shutting down on Sat Jun 23 2018 21:51:16 GMT-0400 (EDT)","level":"info","timestamp":"2018-06-24T01:51:16.792Z"}
{"message":"Server starting up on Sat Jun 23 2018 21:51:23 GMT-0400 (EDT)","level":"info","timestamp":"2018-06-24T01:51:23.027Z"}
{"message":"Verifying database connection","level":"info","timestamp":"2018-06-24T01:51:23.028Z"}
{"message":"Server up, listening on port 9000","level":"info","timestamp":"2018-06-24T01:51:23.042Z"}
{"message":"Executing (default): SELECT 1+1 AS result","level":"debug","timestamp":"2018-06-24T01:51:23.073Z"}
{"message":"Database connection successful","level":"info","timestamp":"2018-06-24T01:51:23.074Z"}
{"message":"Server shutting down on Sat Jun 23 2018 21:51:24 GMT-0400 (EDT)","level":"info","timestamp":"2018-06-24T01:51:24.116Z"}
{"message":"Server starting up on Sat Jun 23 2018 21:52:01 GMT-0400 (EDT)","level":"info","timestamp":"2018-06-24T01:52:01.151Z"}
{"message":"Verifying database connection","level":"info","timestamp":"2018-06-24T01:52:01.152Z"}
{"message":"Server up, listening on port 9000","level":"info","timestamp":"2018-06-24T01:52:01.166Z"}
{"message":"Executing (default): SELECT 1+1 AS result","level":"debug","timestamp":"2018-06-24T01:52:01.197Z"}
{"message":"Database connection successful","level":"info","timestamp":"2018-06-24T01:52:01.197Z"}
{"message":"Server shutting down on Sat Jun 23 2018 21:52:01 GMT-0400 (EDT)","level":"info","timestamp":"2018-06-24T01:52:01.950Z"}
{"message":"Server starting up on Sat Jun 23 2018 21:52:34 GMT-0400 (EDT)","level":"info","timestamp":"2018-06-24T01:52:34.888Z"}
{"message":"Verifying database connection","level":"info","timestamp":"2018-06-24T01:52:34.889Z"}
{"message":"Server up, listening on port 9000","level":"info","timestamp":"2018-06-24T01:52:34.903Z"}
{"message":"Unable to connect to database, shutting down","level":"error","timestamp":"2018-06-24T01:52:34.918Z"}
{"message":"Server starting up on Sat Jun 23 2018 21:52:53 GMT-0400 (EDT)","level":"info","timestamp":"2018-06-24T01:52:53.250Z"}
{"message":"Verifying database connection","level":"info","timestamp":"2018-06-24T01:52:53.251Z"}
{"message":"Server up, listening on port 9000","level":"info","timestamp":"2018-06-24T01:52:53.265Z"}
{"message":"Executing (default): SELECT 1+1 AS result","level":"debug","timestamp":"2018-06-24T01:52:53.300Z"}
{"message":"Database connection successful","level":"info","timestamp":"2018-06-24T01:52:53.301Z"}
{"message":"Server shutting down on Sat Jun 23 2018 21:53:43 GMT-0400 (EDT)","level":"info","timestamp":"2018-06-24T01:53:43.089Z"}
{"message":"Server starting up on Sat Jun 23 2018 21:57:58 GMT-0400 (EDT)","level":"info","timestamp":"2018-06-24T01:57:58.950Z"}
{"message":"Verifying database connection","level":"info","timestamp":"2018-06-24T01:57:58.951Z"}
{"message":"Server up, listening on port 9000","level":"info","timestamp":"2018-06-24T01:57:58.963Z"}
{"message":"Executing (default): SELECT 1+1 AS result","level":"debug","timestamp":"2018-06-24T01:57:58.998Z"}
{"message":"Database connection successful","level":"info","timestamp":"2018-06-24T01:57:59.000Z"}
{"message":"Received signup request for new user Joe Attardi, username joe","level":"info","timestamp":"2018-06-24T01:58:23.883Z"}
{"message":"Server starting up on Sat Jun 23 2018 21:58:39 GMT-0400 (EDT)","level":"info","timestamp":"2018-06-24T01:58:39.877Z"}
{"message":"Verifying database connection","level":"info","timestamp":"2018-06-24T01:58:39.878Z"}
{"message":"Server up, listening on port 9000","level":"info","timestamp":"2018-06-24T01:58:39.890Z"}
{"message":"Executing (default): SELECT 1+1 AS result","level":"debug","timestamp":"2018-06-24T01:58:39.918Z"}
{"message":"Database connection successful","level":"info","timestamp":"2018-06-24T01:58:39.919Z"}
{"message":"Received signup request for new user \"Joe Attardi\", username \"joe\"","level":"info","timestamp":"2018-06-24T01:58:46.648Z"}
{"message":"Server starting up on Sat Jun 23 2018 22:01:38 GMT-0400 (EDT)","level":"info","timestamp":"2018-06-24T02:01:38.873Z"}
{"message":"Verifying database connection","level":"info","timestamp":"2018-06-24T02:01:38.875Z"}
{"message":"Server up, listening on port 9000","level":"info","timestamp":"2018-06-24T02:01:38.886Z"}
{"message":"Executing (default): SELECT 1+1 AS result","level":"debug","timestamp":"2018-06-24T02:01:38.914Z"}
{"message":"Database connection successful","level":"info","timestamp":"2018-06-24T02:01:38.915Z"}
{"message":"Server starting up on Sat Jun 23 2018 22:01:52 GMT-0400 (EDT)","level":"info","timestamp":"2018-06-24T02:01:52.817Z"}
{"message":"Verifying database connection","level":"info","timestamp":"2018-06-24T02:01:52.818Z"}
{"message":"Server up, listening on port 9000","level":"info","timestamp":"2018-06-24T02:01:52.830Z"}
{"message":"Executing (default): SELECT 1+1 AS result","level":"debug","timestamp":"2018-06-24T02:01:52.857Z"}
{"message":"Database connection successful","level":"info","timestamp":"2018-06-24T02:01:52.858Z"}
{"message":"Received signup request for new user \"Joe Attardi\", username \"joe\"","level":"info","timestamp":"2018-06-24T02:02:51.756Z"}
{"message":"Creating new user","level":"debug","timestamp":"2018-06-24T02:02:51.756Z"}
{"message":"Executing (default): INSERT INTO \"Users\" (\"id\",\"username\",\"firstName\",\"lastName\",\"password\",\"createdAt\",\"updatedAt\") VALUES (DEFAULT,'joe','Joe','Attardi','sierra','2018-06-24 02:02:51.758 +00:00','2018-06-24 02:02:51.758 +00:00') RETURNING *;","level":"debug","timestamp":"2018-06-24T02:02:51.769Z"}
{"dataValues":{"id":1,"firstName":"Joe","lastName":"Attardi","username":"joe","password":"sierra","updatedAt":"2018-06-24T02:02:51.758Z","createdAt":"2018-06-24T02:02:51.758Z","email":null},"_previousDataValues":{"firstName":"Joe","lastName":"Attardi","username":"joe","password":"sierra","id":1,"email":null,"createdAt":"2018-06-24T02:02:51.758Z","updatedAt":"2018-06-24T02:02:51.758Z"},"_changed":{"firstName":false,"lastName":false,"username":false,"password":false,"id":false,"email":false,"createdAt":false,"updatedAt":false},"_modelOptions":{"timestamps":true,"validate":{},"freezeTableName":false,"underscored":false,"underscoredAll":false,"paranoid":false,"rejectOnEmpty":false,"whereCollection":null,"schema":null,"schemaDelimiter":"","defaultScope":{},"scopes":[],"indexes":[],"name":{"plural":"Users","singular":"User"},"omitNull":false,"sequelize":{"options":{"dialect":"postgres","dialectModulePath":null,"host":"127.0.0.1","protocol":"tcp","define":{},"query":{},"sync":{},"timezone":"+00:00","omitNull":false,"native":false,"replication":false,"pool":{},"quoteIdentifiers":true,"hooks":{},"retry":{"max":5,"match":["SQLITE_BUSY: database is locked"]},"transactionType":"DEFERRED","isolationLevel":null,"databaseVersion":"9.4.0","typeValidation":false,"benchmark":false,"operatorsAliases":true,"username":"shout","password":"shout","database":"shout_development"},"config":{"database":"shout_development","username":"shout","password":"shout","host":"127.0.0.1","port":5432,"pool":{},"protocol":"tcp","native":false,"replication":false,"dialectModulePath":null},"dialect":{"sequelize":"[Circular]","connectionManager":{"sequelize":"[Circular]","config":{"database":"shout_development","username":"shout","password":"shout","host":"127.0.0.1","pool":{"max":5,"min":0,"idle":10000,"acquire":10000,"evict":10000,"handleDisconnects":true},"protocol":"tcp","native":false,"replication":false,"dialectModulePath":null,"user":"shout"},"dialect":"[Circular]","versionPromise":null,"dialectName":"postgres","pool":{"domain":null,"_events":{},"_eventsCount":0,"_config":{"fifo":true,"priorityRange":1,"testOnBorrow":true,"testOnReturn":false,"autostart":false,"acquireTimeoutMillis":10000,"max":5,"min":0,"evictionRunIntervalMillis":10000,"numTestsPerEvictionRun":3,"softIdleTimeoutMillis":-1,"idleTimeoutMillis":10000},"_factory":{},"_draining":false,"_started":true,"_waitingClientsQueue":{"_size":1,"_slots":[{"_list":{"head":null,"tail":null,"length":0}}]},"_factoryCreateOperations":{},"_factoryDestroyOperations":{},"_availableObjects":{"_list":{"head":{"prev":null,"next":null,"data":{"creationTime":1529805771769,"lastReturnTime":1529805771773,"lastBorrowTime":1529805771769,"lastIdleTime":1529805771773,"obj":{"domain":null,"_events":{},"_eventsCount":2,"connectionParameters":{"user":"shout","database":"shout_development","port":5432,"host":"127.0.0.1","password":"shout","binary":false,"ssl":false,"client_encoding":"","isDomainSocket":false,"statement_timeout":false},"user":"shout","database":"shout_development","port":5432,"host":"127.0.0.1","password":"shout","_types":{"_types":{},"text":{},"binary":{}},"_ending":false,"_connecting":false,"_connected":true,"_connectionError":false,"connection":{"domain":null,"_events":{},"_eventsCount":18,"stream":{"connecting":false,"_hadError":false,"_handle":{"reading":true,"owner":"[Circular]","onconnection":null,"writeQueueSize":0},"_parent":null,"_host":null,"_readableState":{"objectMode":false,"highWaterMark":16384,"buffer":{"head":null,"tail":null,"length":0},"length":0,"pipes":null,"pipesCount":0,"flowing":true,"ended":false,"endEmitted":false,"reading":true,"sync":false,"needReadable":true,"emittedReadable":false,"readableListening":false,"resumeScheduled":false,"destroyed":false,"defaultEncoding":"utf8","awaitDrain":0,"readingMore":false,"decoder":null,"encoding":null},"readable":true,"domain":null,"_events":{"end":[null,null]},"_eventsCount":7,"_writableState":{"objectMode":false,"highWaterMark":16384,"finalCalled":false,"needDrain":false,"ending":false,"ended":false,"finished":false,"destroyed":false,"decodeStrings":false,"defaultEncoding":"utf8","length":0,"writing":false,"corked":0,"sync":false,"bufferProcessing":false,"writecb":null,"writelen":0,"bufferedRequest":null,"lastBufferedRequest":null,"pendingcb":0,"prefinished":false,"errorEmitted":false,"bufferedRequestCount":0,"corkedRequestsFree":{"next":null,"entry":null}},"writable":true,"allowHalfOpen":false,"_bytesDispatched":613,"_sockname":null,"_pendingData":null,"_pendingEncoding":"","server":null,"_server":null,"_consuming":true},"_keepAlive":false,"lastBuffer":false,"lastOffset":0,"buffer":null,"offset":1,"encoding":"utf8","parsedStatements":{},"writer":{"size":1024,"buffer":{"type":"Buffer","data":[81,0,0,0,227,73,78,83,69,82,84,32,73,78,84,79,32,34,85,115,101,114,115,34,32,40,34,105,100,34,44,34,117,115,101,114,110,97,109,101,34,44,34,102,105,114,115,116,78,97,109,101,34,44,34,108,97,115,116,78,97,109,101,34,44,34,112,97,115,115,119,111,114,100,34,44,34,99,114,101,97,116,101,100,65,116,34,44,34,117,112,100,97,116,101,100,65,116,34,41,32,86,65,76,85,69,83,32,40,68,69,70,65,85,76,84,44,39,106,111,101,39,44,39,74,111,101,39,44,39,65,116,116,97,114,100,105,39,44,39,115,105,101,114,114,97,39,44,39,50,48,49,56,45,48,54,45,50,52,32,48,50,58,48,50,58,53,49,46,55,53,56,32,43,48,48,58,48,48,39,44,39,50,48,49,56,45,48,54,45,50,52,32,48,50,58,48,50,58,53,49,46,55,53,56,32,43,48,48,58,48,48,39,41,32,82,69,84,85,82,78,73,78,71,32,42,59,0,0,0,0,0,0,0,0,0,0,0,0,0,0,0,0,0,0,0,0,0,0,0,0,0,0,0,0,0,0,0,0,0,0,0,0,0,0,0,0,0,0,0,0,0,0,0,0,0,0,0,0,0,0,0,0,0,0,0,0,0,0,0,0,0,0,0,0,0,0,0,0,0,0,0,0,0,0,0,0,0,0,0,0,0,0,0,0,0,0,0,0,0,0,0,0,0,0,0,0,0,0,0,0,0,0,0,0,0,0,0,0,0,0,0,0,0,0,0,0,0,0,0,0,0,0,0,0,0,0,0,0,0,0,0,0,0,0,0,0,0,0,0,0,0,0,0,0,0,0,0,0,0,0,0,0,0,0,0,0,0,0,0,0,0,0,0,0,0,0,0,0,0,0,0,0,0,0,0,0,0,0,0,0,0,0,0,0,0,0,0,0,0,0,0,0,0,0,0,0,0,0,0,0,0,0,0,0,0,0,0,0,0,0,0,0,0,0,0,0,0,0,0,0,0,0,0,0,0,0,0,0,0,0,0,0,0,0,0,0,0,0,0,0,0,0,0,0,0,0,0,0,0,0,0,0,0,0,0,0,0,0,0,0,0,0,0,0,0,0,0,0,0,0,0,0,0,0,0,0,0,0,0,0,0,0,0,0,0,0,0,0,0,0,0,0,0,0,0,0,0,0,0,0,0,0,0,0,0,0,0,0,0,0,0,0,0,0,0,0,0,0,0,0,0,0,0,0,0,0,0,0,0,0,0,0,0,0,0,0,0,0,0,0,0,0,0,0,0,0,0,0,0,0,0,0,0,0,0,0,0,0,0,0,0,0,0,0,0,0,0,0,0,0,0,0,0,0,0,0,0,0,0,0,0,0,0,0,0,0,0,0,0,0,0,0,0,0,0,0,0,0,0,0,0,0,0,0,0,0,0,0,0,0,0,0,0,0,0,0,0,0,0,0,0,0,0,0,0,0,0,0,0,0,0,0,0,0,0,0,0,0,0,0,0,0,0,0,0,0,0,0,0,0,0,0,0,0,0,0,0,0,0,0,0,0,0,0,0,0,0,0,0,0,0,0,0,0,0,0,0,0,0,0,0,0,0,0,0,0,0,0,0,0,0,0,0,0,0,0,0,0,0,0,0,0,0,0,0,0,0,0,0,0,0,0,0,0,0,0,0,0,0,0,0,0,0,0,0,0,0,0,0,0,0,0,0,0,0,0,0,0,0,0,0,0,0,0,0,0,0,0,0,0,0,0,0,0,0,0,0,0,0,0,0,0,0,0,0,0,0,0,0,0,0,0,0,0,0,0,0,0,0,0,0,0,0,0,0,0,0,0,0,0,0,0,0,0,0,0,0,0,0,0,0,0,0,0,0,0,0,0,0,0,0,0,0,0,0,0,0,0,0,0,0,0,0,0,0,0,0,0,0,0,0,0,0,0,0,0,0,0,0,0,0,0,0,0,0,0,0,0,0,0,0,0,0,0,0,0,0,0,0,0,0,0,0,0,0,0,0,0,0,0,0,0,0,0,0,0,0,0,0,0,0,0,0,0,0,0,0,0,0,0,0,0,0,0,0,0,0,0,0,0,0,0,0,0,0,0,0,0,0,0,0,0,0,0,0,0,0,0,0,0,0,0,0,0,0,0,0,0,0,0,0,0,0,0,0,0,0,0,0,0,0,0,0,0,0,0,0,0,0,0,0,0,0,0,0,0,0,0,0,0,0,0,0,0,0,0,0,0,0,0,0,0,0,0,0,0,0,0,0,0,0,0,0,0,0,0,0,0,0,0,0,0,0,0,0,0,0,0]},"offset":5,"headerPosition":0,"lastEnd":0},"ssl":false,"_ending":false,"_mode":0,"_emitMessage":false,"_reader":{"offset":350,"lastChunk":false,"chunk":{"type":"Buffer","data":[84,0,0,0,216,0,8,105,100,0,0,0,96,8,0,1,0,0,0,23,0,4,255,255,255,255,0,0,117,115,101,114,110,97,109,101,0,0,0,96,8,0,2,0,0,4,19,255,255,0,0,1,3,0,0,102,105,114,115,116,78,97,109,101,0,0,0,96,8,0,3,0,0,4,19,255,255,0,0,1,3,0,0,108,97,115,116,78,97,109,101,0,0,0,96,8,0,4,0,0,4,19,255,255,0,0,1,3,0,0,101,109,97,105,108,0,0,0,96,8,0,5,0,0,4,19,255,255,0,0,1,3,0,0,112,97,115,115,119,111,114,100,0,0,0,96,8,0,6,0,0,4,19,255,255,0,0,1,3,0,0,99,114,101,97,116,101,100,65,116,0,0,0,96,8,0,7,0,0,4,160,0,8,255,255,255,255,0,0,117,112,100,97,116,101,100,65,116,0,0,0,96,8,0,8,0,0,4,160,0,8,255,255,255,255,0,0,68,0,0,0,110,0,8,0,0,0,1,49,0,0,0,3,106,111,101,0,0,0,3,74,111,101,0,0,0,7,65,116,116,97,114,100,105,255,255,255,255,0,0,0,6,115,105,101,114,114,97,0,0,0,26,50,48,49,56,45,48,54,45,50,52,32,48,50,58,48,50,58,53,49,46,55,53,56,43,48,48,0,0,0,26,50,48,49,56,45,48,54,45,50,52,32,48,50,58,48,50,58,53,49,46,55,53,56,43,48,48,67,0,0,0,15,73,78,83,69,82,84,32,48,32,49,0,90,0,0,0,5,73]},"chunkLength":350,"headerSize":1,"lengthPadding":-4,"header":90}},"queryQueue":[],"binary":false,"processID":66,"secretKey":-1653914204,"ssl":false,"activeQuery":null,"readyForQuery":true,"hasExecuted":true},"state":"IDLE"}},"tail":{"prev":null,"next":null,"data":{"creationTime":1529805771769,"lastReturnTime":1529805771773,"lastBorrowTime":1529805771769,"lastIdleTime":1529805771773,"obj":{"domain":null,"_events":{},"_eventsCount":2,"connectionParameters":{"user":"shout","database":"shout_development","port":5432,"host":"127.0.0.1","password":"shout","binary":false,"ssl":false,"client_encoding":"","isDomainSocket":false,"statement_timeout":false},"user":"shout","database":"shout_development","port":5432,"host":"127.0.0.1","password":"shout","_types":{"_types":{},"text":{},"binary":{}},"_ending":false,"_connecting":false,"_connected":true,"_connectionError":false,"connection":{"domain":null,"_events":{},"_eventsCount":18,"stream":{"connecting":false,"_hadError":false,"_handle":{"reading":true,"owner":"[Circular]","onconnection":null,"writeQueueSize":0},"_parent":null,"_host":null,"_readableState":{"objectMode":false,"highWaterMark":16384,"buffer":{"head":null,"tail":null,"length":0},"length":0,"pipes":null,"pipesCount":0,"flowing":true,"ended":false,"endEmitted":false,"reading":true,"sync":false,"needReadable":true,"emittedReadable":false,"readableListening":false,"resumeScheduled":false,"destroyed":false,"defaultEncoding":"utf8","awaitDrain":0,"readingMore":false,"decoder":null,"encoding":null},"readable":true,"domain":null,"_events":{"end":[null,null]},"_eventsCount":7,"_writableState":{"objectMode":false,"highWaterMark":16384,"finalCalled":false,"needDrain":false,"ending":false,"ended":false,"finished":false,"destroyed":false,"decodeStrings":false,"defaultEncoding":"utf8","length":0,"writing":false,"corked":0,"sync":false,"bufferProcessing":false,"writecb":null,"writelen":0,"bufferedRequest":null,"lastBufferedRequest":null,"pendingcb":0,"prefinished":false,"errorEmitted":false,"bufferedRequestCount":0,"corkedRequestsFree":{"next":null,"entry":null}},"writable":true,"allowHalfOpen":false,"_bytesDispatched":613,"_sockname":null,"_pendingData":null,"_pendingEncoding":"","server":null,"_server":null,"_consuming":true},"_keepAlive":false,"lastBuffer":false,"lastOffset":0,"buffer":null,"offset":1,"encoding":"utf8","parsedStatements":{},"writer":{"size":1024,"buffer":{"type":"Buffer","data":[81,0,0,0,227,73,78,83,69,82,84,32,73,78,84,79,32,34,85,115,101,114,115,34,32,40,34,105,100,34,44,34,117,115,101,114,110,97,109,101,34,44,34,102,105,114,115,116,78,97,109,101,34,44,34,108,97,115,116,78,97,109,101,34,44,34,112,97,115,115,119,111,114,100,34,44,34,99,114,101,97,116,101,100,65,116,34,44,34,117,112,100,97,116,101,100,65,116,34,41,32,86,65,76,85,69,83,32,40,68,69,70,65,85,76,84,44,39,106,111,101,39,44,39,74,111,101,39,44,39,65,116,116,97,114,100,105,39,44,39,115,105,101,114,114,97,39,44,39,50,48,49,56,45,48,54,45,50,52,32,48,50,58,48,50,58,53,49,46,55,53,56,32,43,48,48,58,48,48,39,44,39,50,48,49,56,45,48,54,45,50,52,32,48,50,58,48,50,58,53,49,46,55,53,56,32,43,48,48,58,48,48,39,41,32,82,69,84,85,82,78,73,78,71,32,42,59,0,0,0,0,0,0,0,0,0,0,0,0,0,0,0,0,0,0,0,0,0,0,0,0,0,0,0,0,0,0,0,0,0,0,0,0,0,0,0,0,0,0,0,0,0,0,0,0,0,0,0,0,0,0,0,0,0,0,0,0,0,0,0,0,0,0,0,0,0,0,0,0,0,0,0,0,0,0,0,0,0,0,0,0,0,0,0,0,0,0,0,0,0,0,0,0,0,0,0,0,0,0,0,0,0,0,0,0,0,0,0,0,0,0,0,0,0,0,0,0,0,0,0,0,0,0,0,0,0,0,0,0,0,0,0,0,0,0,0,0,0,0,0,0,0,0,0,0,0,0,0,0,0,0,0,0,0,0,0,0,0,0,0,0,0,0,0,0,0,0,0,0,0,0,0,0,0,0,0,0,0,0,0,0,0,0,0,0,0,0,0,0,0,0,0,0,0,0,0,0,0,0,0,0,0,0,0,0,0,0,0,0,0,0,0,0,0,0,0,0,0,0,0,0,0,0,0,0,0,0,0,0,0,0,0,0,0,0,0,0,0,0,0,0,0,0,0,0,0,0,0,0,0,0,0,0,0,0,0,0,0,0,0,0,0,0,0,0,0,0,0,0,0,0,0,0,0,0,0,0,0,0,0,0,0,0,0,0,0,0,0,0,0,0,0,0,0,0,0,0,0,0,0,0,0,0,0,0,0,0,0,0,0,0,0,0,0,0,0,0,0,0,0,0,0,0,0,0,0,0,0,0,0,0,0,0,0,0,0,0,0,0,0,0,0,0,0,0,0,0,0,0,0,0,0,0,0,0,0,0,0,0,0,0,0,0,0,0,0,0,0,0,0,0,0,0,0,0,0,0,0,0,0,0,0,0,0,0,0,0,0,0,0,0,0,0,0,0,0,0,0,0,0,0,0,0,0,0,0,0,0,0,0,0,0,0,0,0,0,0,0,0,0,0,0,0,0,0,0,0,0,0,0,0,0,0,0,0,0,0,0,0,0,0,0,0,0,0,0,0,0,0,0,0,0,0,0,0,0,0,0,0,0,0,0,0,0,0,0,0,0,0,0,0,0,0,0,0,0,0,0,0,0,0,0,0,0,0,0,0,0,0,0,0,0,0,0,0,0,0,0,0,0,0,0,0,0,0,0,0,0,0,0,0,0,0,0,0,0,0,0,0,0,0,0,0,0,0,0,0,0,0,0,0,0,0,0,0,0,0,0,0,0,0,0,0,0,0,0,0,0,0,0,0,0,0,0,0,0,0,0,0,0,0,0,0,0,0,0,0,0,0,0,0,0,0,0,0,0,0,0,0,0,0,0,0,0,0,0,0,0,0,0,0,0,0,0,0,0,0,0,0,0,0,0,0,0,0,0,0,0,0,0,0,0,0,0,0,0,0,0,0,0,0,0,0,0,0,0,0,0,0,0,0,0,0,0,0,0,0,0,0,0,0,0,0,0,0,0,0,0,0,0,0,0,0,0,0,0,0,0,0,0,0,0,0,0,0,0,0,0,0,0,0,0,0,0,0,0,0,0,0,0,0,0,0,0,0,0,0,0,0,0,0,0,0,0,0,0,0,0,0,0,0,0,0,0,0,0,0,0,0,0,0,0,0,0,0,0,0,0,0,0,0,0,0,0,0,0,0,0,0,0,0,0,0,0,0,0,0,0,0,0,0,0,0,0,0,0,0,0,0,0,0,0,0,0,0,0,0,0,0,0,0,0,0,0,0,0,0,0,0,0,0,0,0,0,0,0,0,0,0,0,0,0,0,0,0,0,0,0,0,0,0,0,0,0,0,0,0,0,0]},"offset":5,"headerPosition":0,"lastEnd":0},"ssl":false,"_ending":false,"_mode":0,"_emitMessage":false,"_reader":{"offset":350,"lastChunk":false,"chunk":{"type":"Buffer","data":[84,0,0,0,216,0,8,105,100,0,0,0,96,8,0,1,0,0,0,23,0,4,255,255,255,255,0,0,117,115,101,114,110,97,109,101,0,0,0,96,8,0,2,0,0,4,19,255,255,0,0,1,3,0,0,102,105,114,115,116,78,97,109,101,0,0,0,96,8,0,3,0,0,4,19,255,255,0,0,1,3,0,0,108,97,115,116,78,97,109,101,0,0,0,96,8,0,4,0,0,4,19,255,255,0,0,1,3,0,0,101,109,97,105,108,0,0,0,96,8,0,5,0,0,4,19,255,255,0,0,1,3,0,0,112,97,115,115,119,111,114,100,0,0,0,96,8,0,6,0,0,4,19,255,255,0,0,1,3,0,0,99,114,101,97,116,101,100,65,116,0,0,0,96,8,0,7,0,0,4,160,0,8,255,255,255,255,0,0,117,112,100,97,116,101,100,65,116,0,0,0,96,8,0,8,0,0,4,160,0,8,255,255,255,255,0,0,68,0,0,0,110,0,8,0,0,0,1,49,0,0,0,3,106,111,101,0,0,0,3,74,111,101,0,0,0,7,65,116,116,97,114,100,105,255,255,255,255,0,0,0,6,115,105,101,114,114,97,0,0,0,26,50,48,49,56,45,48,54,45,50,52,32,48,50,58,48,50,58,53,49,46,55,53,56,43,48,48,0,0,0,26,50,48,49,56,45,48,54,45,50,52,32,48,50,58,48,50,58,53,49,46,55,53,56,43,48,48,67,0,0,0,15,73,78,83,69,82,84,32,48,32,49,0,90,0,0,0,5,73]},"chunkLength":350,"headerSize":1,"lengthPadding":-4,"header":90}},"queryQueue":[],"binary":false,"processID":66,"secretKey":-1653914204,"ssl":false,"activeQuery":null,"readyForQuery":true,"hasExecuted":true},"state":"IDLE"}},"length":1}},"_testOnBorrowResources":{},"_testOnReturnResources":{},"_validationOperations":{},"_allObjects":{},"_resourceLoans":{},"_evictionIterator":{"_list":{"head":{"prev":null,"next":null,"data":{"creationTime":1529805771769,"lastReturnTime":1529805771773,"lastBorrowTime":1529805771769,"lastIdleTime":1529805771773,"obj":{"domain":null,"_events":{},"_eventsCount":2,"connectionParameters":{"user":"shout","database":"shout_development","port":5432,"host":"127.0.0.1","password":"shout","binary":false,"ssl":false,"client_encoding":"","isDomainSocket":false,"statement_timeout":false},"user":"shout","database":"shout_development","port":5432,"host":"127.0.0.1","password":"shout","_types":{"_types":{},"text":{},"binary":{}},"_ending":false,"_connecting":false,"_connected":true,"_connectionError":false,"connection":{"domain":null,"_events":{},"_eventsCount":18,"stream":{"connecting":false,"_hadError":false,"_handle":{"reading":true,"owner":"[Circular]","onconnection":null,"writeQueueSize":0},"_parent":null,"_host":null,"_readableState":{"objectMode":false,"highWaterMark":16384,"buffer":{"head":null,"tail":null,"length":0},"length":0,"pipes":null,"pipesCount":0,"flowing":true,"ended":false,"endEmitted":false,"reading":true,"sync":false,"needReadable":true,"emittedReadable":false,"readableListening":false,"resumeScheduled":false,"destroyed":false,"defaultEncoding":"utf8","awaitDrain":0,"readingMore":false,"decoder":null,"encoding":null},"readable":true,"domain":null,"_events":{"end":[null,null]},"_eventsCount":7,"_writableState":{"objectMode":false,"highWaterMark":16384,"finalCalled":false,"needDrain":false,"ending":false,"ended":false,"finished":false,"destroyed":false,"decodeStrings":false,"defaultEncoding":"utf8","length":0,"writing":false,"corked":0,"sync":false,"bufferProcessing":false,"writecb":null,"writelen":0,"bufferedRequest":null,"lastBufferedRequest":null,"pendingcb":0,"prefinished":false,"errorEmitted":false,"bufferedRequestCount":0,"corkedRequestsFree":{"next":null,"entry":null}},"writable":true,"allowHalfOpen":false,"_bytesDispatched":613,"_sockname":null,"_pendingData":null,"_pendingEncoding":"","server":null,"_server":null,"_consuming":true},"_keepAlive":false,"lastBuffer":false,"lastOffset":0,"buffer":null,"offset":1,"encoding":"utf8","parsedStatements":{},"writer":{"size":1024,"buffer":{"type":"Buffer","data":[81,0,0,0,227,73,78,83,69,82,84,32,73,78,84,79,32,34,85,115,101,114,115,34,32,40,34,105,100,34,44,34,117,115,101,114,110,97,109,101,34,44,34,102,105,114,115,116,78,97,109,101,34,44,34,108,97,115,116,78,97,109,101,34,44,34,112,97,115,115,119,111,114,100,34,44,34,99,114,101,97,116,101,100,65,116,34,44,34,117,112,100,97,116,101,100,65,116,34,41,32,86,65,76,85,69,83,32,40,68,69,70,65,85,76,84,44,39,106,111,101,39,44,39,74,111,101,39,44,39,65,116,116,97,114,100,105,39,44,39,115,105,101,114,114,97,39,44,39,50,48,49,56,45,48,54,45,50,52,32,48,50,58,48,50,58,53,49,46,55,53,56,32,43,48,48,58,48,48,39,44,39,50,48,49,56,45,48,54,45,50,52,32,48,50,58,48,50,58,53,49,46,55,53,56,32,43,48,48,58,48,48,39,41,32,82,69,84,85,82,78,73,78,71,32,42,59,0,0,0,0,0,0,0,0,0,0,0,0,0,0,0,0,0,0,0,0,0,0,0,0,0,0,0,0,0,0,0,0,0,0,0,0,0,0,0,0,0,0,0,0,0,0,0,0,0,0,0,0,0,0,0,0,0,0,0,0,0,0,0,0,0,0,0,0,0,0,0,0,0,0,0,0,0,0,0,0,0,0,0,0,0,0,0,0,0,0,0,0,0,0,0,0,0,0,0,0,0,0,0,0,0,0,0,0,0,0,0,0,0,0,0,0,0,0,0,0,0,0,0,0,0,0,0,0,0,0,0,0,0,0,0,0,0,0,0,0,0,0,0,0,0,0,0,0,0,0,0,0,0,0,0,0,0,0,0,0,0,0,0,0,0,0,0,0,0,0,0,0,0,0,0,0,0,0,0,0,0,0,0,0,0,0,0,0,0,0,0,0,0,0,0,0,0,0,0,0,0,0,0,0,0,0,0,0,0,0,0,0,0,0,0,0,0,0,0,0,0,0,0,0,0,0,0,0,0,0,0,0,0,0,0,0,0,0,0,0,0,0,0,0,0,0,0,0,0,0,0,0,0,0,0,0,0,0,0,0,0,0,0,0,0,0,0,0,0,0,0,0,0,0,0,0,0,0,0,0,0,0,0,0,0,0,0,0,0,0,0,0,0,0,0,0,0,0,0,0,0,0,0,0,0,0,0,0,0,0,0,0,0,0,0,0,0,0,0,0,0,0,0,0,0,0,0,0,0,0,0,0,0,0,0,0,0,0,0,0,0,0,0,0,0,0,0,0,0,0,0,0,0,0,0,0,0,0,0,0,0,0,0,0,0,0,0,0,0,0,0,0,0,0,0,0,0,0,0,0,0,0,0,0,0,0,0,0,0,0,0,0,0,0,0,0,0,0,0,0,0,0,0,0,0,0,0,0,0,0,0,0,0,0,0,0,0,0,0,0,0,0,0,0,0,0,0,0,0,0,0,0,0,0,0,0,0,0,0,0,0,0,0,0,0,0,0,0,0,0,0,0,0,0,0,0,0,0,0,0,0,0,0,0,0,0,0,0,0,0,0,0,0,0,0,0,0,0,0,0,0,0,0,0,0,0,0,0,0,0,0,0,0,0,0,0,0,0,0,0,0,0,0,0,0,0,0,0,0,0,0,0,0,0,0,0,0,0,0,0,0,0,0,0,0,0,0,0,0,0,0,0,0,0,0,0,0,0,0,0,0,0,0,0,0,0,0,0,0,0,0,0,0,0,0,0,0,0,0,0,0,0,0,0,0,0,0,0,0,0,0,0,0,0,0,0,0,0,0,0,0,0,0,0,0,0,0,0,0,0,0,0,0,0,0,0,0,0,0,0,0,0,0,0,0,0,0,0,0,0,0,0,0,0,0,0,0,0,0,0,0,0,0,0,0,0,0,0,0,0,0,0,0,0,0,0,0,0,0,0,0,0,0,0,0,0,0,0,0,0,0,0,0,0,0,0,0,0,0,0,0,0,0,0,0,0,0,0,0,0,0,0,0,0,0,0,0,0,0,0,0,0,0,0,0,0,0,0,0,0,0,0,0,0,0,0,0,0,0,0,0,0,0,0,0,0,0,0,0,0,0,0,0,0,0,0,0,0,0,0,0,0,0,0,0,0,0,0,0,0,0,0,0,0,0,0,0,0,0,0,0,0,0,0,0,0,0,0,0,0,0,0,0,0,0,0,0,0,0,0,0,0,0,0,0,0,0,0,0,0,0,0,0,0,0,0,0,0,0,0,0,0,0,0,0,0,0,0,0,0,0,0,0,0,0,0,0,0,0,0,0,0]},"offset":5,"headerPosition":0,"lastEnd":0},"ssl":false,"_ending":false,"_mode":0,"_emitMessage":false,"_reader":{"offset":350,"lastChunk":false,"chunk":{"type":"Buffer","data":[84,0,0,0,216,0,8,105,100,0,0,0,96,8,0,1,0,0,0,23,0,4,255,255,255,255,0,0,117,115,101,114,110,97,109,101,0,0,0,96,8,0,2,0,0,4,19,255,255,0,0,1,3,0,0,102,105,114,115,116,78,97,109,101,0,0,0,96,8,0,3,0,0,4,19,255,255,0,0,1,3,0,0,108,97,115,116,78,97,109,101,0,0,0,96,8,0,4,0,0,4,19,255,255,0,0,1,3,0,0,101,109,97,105,108,0,0,0,96,8,0,5,0,0,4,19,255,255,0,0,1,3,0,0,112,97,115,115,119,111,114,100,0,0,0,96,8,0,6,0,0,4,19,255,255,0,0,1,3,0,0,99,114,101,97,116,101,100,65,116,0,0,0,96,8,0,7,0,0,4,160,0,8,255,255,255,255,0,0,117,112,100,97,116,101,100,65,116,0,0,0,96,8,0,8,0,0,4,160,0,8,255,255,255,255,0,0,68,0,0,0,110,0,8,0,0,0,1,49,0,0,0,3,106,111,101,0,0,0,3,74,111,101,0,0,0,7,65,116,116,97,114,100,105,255,255,255,255,0,0,0,6,115,105,101,114,114,97,0,0,0,26,50,48,49,56,45,48,54,45,50,52,32,48,50,58,48,50,58,53,49,46,55,53,56,43,48,48,0,0,0,26,50,48,49,56,45,48,54,45,50,52,32,48,50,58,48,50,58,53,49,46,55,53,56,43,48,48,67,0,0,0,15,73,78,83,69,82,84,32,48,32,49,0,90,0,0,0,5,73]},"chunkLength":350,"headerSize":1,"lengthPadding":-4,"header":90}},"queryQueue":[],"binary":false,"processID":66,"secretKey":-1653914204,"ssl":false,"activeQuery":null,"readyForQuery":true,"hasExecuted":true},"state":"IDLE"}},"tail":{"prev":null,"next":null,"data":{"creationTime":1529805771769,"lastReturnTime":1529805771773,"lastBorrowTime":1529805771769,"lastIdleTime":1529805771773,"obj":{"domain":null,"_events":{},"_eventsCount":2,"connectionParameters":{"user":"shout","database":"shout_development","port":5432,"host":"127.0.0.1","password":"shout","binary":false,"ssl":false,"client_encoding":"","isDomainSocket":false,"statement_timeout":false},"user":"shout","database":"shout_development","port":5432,"host":"127.0.0.1","password":"shout","_types":{"_types":{},"text":{},"binary":{}},"_ending":false,"_connecting":false,"_connected":true,"_connectionError":false,"connection":{"domain":null,"_events":{},"_eventsCount":18,"stream":{"connecting":false,"_hadError":false,"_handle":{"reading":true,"owner":"[Circular]","onconnection":null,"writeQueueSize":0},"_parent":null,"_host":null,"_readableState":{"objectMode":false,"highWaterMark":16384,"buffer":{"head":null,"tail":null,"length":0},"length":0,"pipes":null,"pipesCount":0,"flowing":true,"ended":false,"endEmitted":false,"reading":true,"sync":false,"needReadable":true,"emittedReadable":false,"readableListening":false,"resumeScheduled":false,"destroyed":false,"defaultEncoding":"utf8","awaitDrain":0,"readingMore":false,"decoder":null,"encoding":null},"readable":true,"domain":null,"_events":{"end":[null,null]},"_eventsCount":7,"_writableState":{"objectMode":false,"highWaterMark":16384,"finalCalled":false,"needDrain":false,"ending":false,"ended":false,"finished":false,"destroyed":false,"decodeStrings":false,"defaultEncoding":"utf8","length":0,"writing":false,"corked":0,"sync":false,"bufferProcessing":false,"writecb":null,"writelen":0,"bufferedRequest":null,"lastBufferedRequest":null,"pendingcb":0,"prefinished":false,"errorEmitted":false,"bufferedRequestCount":0,"corkedRequestsFree":{"next":null,"entry":null}},"writable":true,"allowHalfOpen":false,"_bytesDispatched":613,"_sockname":null,"_pendingData":null,"_pendingEncoding":"","server":null,"_server":null,"_consuming":true},"_keepAlive":false,"lastBuffer":false,"lastOffset":0,"buffer":null,"offset":1,"encoding":"utf8","parsedStatements":{},"writer":{"size":1024,"buffer":{"type":"Buffer","data":[81,0,0,0,227,73,78,83,69,82,84,32,73,78,84,79,32,34,85,115,101,114,115,34,32,40,34,105,100,34,44,34,117,115,101,114,110,97,109,101,34,44,34,102,105,114,115,116,78,97,109,101,34,44,34,108,97,115,116,78,97,109,101,34,44,34,112,97,115,115,119,111,114,100,34,44,34,99,114,101,97,116,101,100,65,116,34,44,34,117,112,100,97,116,101,100,65,116,34,41,32,86,65,76,85,69,83,32,40,68,69,70,65,85,76,84,44,39,106,111,101,39,44,39,74,111,101,39,44,39,65,116,116,97,114,100,105,39,44,39,115,105,101,114,114,97,39,44,39,50,48,49,56,45,48,54,45,50,52,32,48,50,58,48,50,58,53,49,46,55,53,56,32,43,48,48,58,48,48,39,44,39,50,48,49,56,45,48,54,45,50,52,32,48,50,58,48,50,58,53,49,46,55,53,56,32,43,48,48,58,48,48,39,41,32,82,69,84,85,82,78,73,78,71,32,42,59,0,0,0,0,0,0,0,0,0,0,0,0,0,0,0,0,0,0,0,0,0,0,0,0,0,0,0,0,0,0,0,0,0,0,0,0,0,0,0,0,0,0,0,0,0,0,0,0,0,0,0,0,0,0,0,0,0,0,0,0,0,0,0,0,0,0,0,0,0,0,0,0,0,0,0,0,0,0,0,0,0,0,0,0,0,0,0,0,0,0,0,0,0,0,0,0,0,0,0,0,0,0,0,0,0,0,0,0,0,0,0,0,0,0,0,0,0,0,0,0,0,0,0,0,0,0,0,0,0,0,0,0,0,0,0,0,0,0,0,0,0,0,0,0,0,0,0,0,0,0,0,0,0,0,0,0,0,0,0,0,0,0,0,0,0,0,0,0,0,0,0,0,0,0,0,0,0,0,0,0,0,0,0,0,0,0,0,0,0,0,0,0,0,0,0,0,0,0,0,0,0,0,0,0,0,0,0,0,0,0,0,0,0,0,0,0,0,0,0,0,0,0,0,0,0,0,0,0,0,0,0,0,0,0,0,0,0,0,0,0,0,0,0,0,0,0,0,0,0,0,0,0,0,0,0,0,0,0,0,0,0,0,0,0,0,0,0,0,0,0,0,0,0,0,0,0,0,0,0,0,0,0,0,0,0,0,0,0,0,0,0,0,0,0,0,0,0,0,0,0,0,0,0,0,0,0,0,0,0,0,0,0,0,0,0,0,0,0,0,0,0,0,0,0,0,0,0,0,0,0,0,0,0,0,0,0,0,0,0,0,0,0,0,0,0,0,0,0,0,0,0,0,0,0,0,0,0,0,0,0,0,0,0,0,0,0,0,0,0,0,0,0,0,0,0,0,0,0,0,0,0,0,0,0,0,0,0,0,0,0,0,0,0,0,0,0,0,0,0,0,0,0,0,0,0,0,0,0,0,0,0,0,0,0,0,0,0,0,0,0,0,0,0,0,0,0,0,0,0,0,0,0,0,0,0,0,0,0,0,0,0,0,0,0,0,0,0,0,0,0,0,0,0,0,0,0,0,0,0,0,0,0,0,0,0,0,0,0,0,0,0,0,0,0,0,0,0,0,0,0,0,0,0,0,0,0,0,0,0,0,0,0,0,0,0,0,0,0,0,0,0,0,0,0,0,0,0,0,0,0,0,0,0,0,0,0,0,0,0,0,0,0,0,0,0,0,0,0,0,0,0,0,0,0,0,0,0,0,0,0,0,0,0,0,0,0,0,0,0,0,0,0,0,0,0,0,0,0,0,0,0,0,0,0,0,0,0,0,0,0,0,0,0,0,0,0,0,0,0,0,0,0,0,0,0,0,0,0,0,0,0,0,0,0,0,0,0,0,0,0,0,0,0,0,0,0,0,0,0,0,0,0,0,0,0,0,0,0,0,0,0,0,0,0,0,0,0,0,0,0,0,0,0,0,0,0,0,0,0,0,0,0,0,0,0,0,0,0,0,0,0,0,0,0,0,0,0,0,0,0,0,0,0,0,0,0,0,0,0,0,0,0,0,0,0,0,0,0,0,0,0,0,0,0,0,0,0,0,0,0,0,0,0,0,0,0,0,0,0,0,0,0,0,0,0,0,0,0,0,0,0,0,0,0,0,0,0,0,0,0,0,0,0,0,0,0,0,0,0,0,0,0,0,0,0,0,0,0,0,0,0,0,0,0,0,0,0,0,0,0,0,0,0,0,0,0,0,0,0,0,0,0,0,0,0,0,0,0,0,0,0,0,0,0,0,0,0,0,0,0,0,0,0,0,0,0,0,0,0,0,0,0,0,0,0,0,0,0,0,0,0,0]},"offset":5,"headerPosition":0,"lastEnd":0},"ssl":false,"_ending":false,"_mode":0,"_emitMessage":false,"_reader":{"offset":350,"lastChunk":false,"chunk":{"type":"Buffer","data":[84,0,0,0,216,0,8,105,100,0,0,0,96,8,0,1,0,0,0,23,0,4,255,255,255,255,0,0,117,115,101,114,110,97,109,101,0,0,0,96,8,0,2,0,0,4,19,255,255,0,0,1,3,0,0,102,105,114,115,116,78,97,109,101,0,0,0,96,8,0,3,0,0,4,19,255,255,0,0,1,3,0,0,108,97,115,116,78,97,109,101,0,0,0,96,8,0,4,0,0,4,19,255,255,0,0,1,3,0,0,101,109,97,105,108,0,0,0,96,8,0,5,0,0,4,19,255,255,0,0,1,3,0,0,112,97,115,115,119,111,114,100,0,0,0,96,8,0,6,0,0,4,19,255,255,0,0,1,3,0,0,99,114,101,97,116,101,100,65,116,0,0,0,96,8,0,7,0,0,4,160,0,8,255,255,255,255,0,0,117,112,100,97,116,101,100,65,116,0,0,0,96,8,0,8,0,0,4,160,0,8,255,255,255,255,0,0,68,0,0,0,110,0,8,0,0,0,1,49,0,0,0,3,106,111,101,0,0,0,3,74,111,101,0,0,0,7,65,116,116,97,114,100,105,255,255,255,255,0,0,0,6,115,105,101,114,114,97,0,0,0,26,50,48,49,56,45,48,54,45,50,52,32,48,50,58,48,50,58,53,49,46,55,53,56,43,48,48,0,0,0,26,50,48,49,56,45,48,54,45,50,52,32,48,50,58,48,50,58,53,49,46,55,53,56,43,48,48,67,0,0,0,15,73,78,83,69,82,84,32,48,32,49,0,90,0,0,0,5,73]},"chunkLength":350,"headerSize":1,"lengthPadding":-4,"header":90}},"queryQueue":[],"binary":false,"processID":66,"secretKey":-1653914204,"ssl":false,"activeQuery":null,"readyForQuery":true,"hasExecuted":true},"state":"IDLE"}},"length":1},"_direction":"next","_startPosition":"head","_started":true,"_cursor":{"prev":null,"next":null,"data":{"creationTime":1529805712857,"lastReturnTime":1529805712858,"lastBorrowTime":1529805712857,"lastIdleTime":1529805712858,"obj":{"domain":null,"_events":{},"_eventsCount":2,"connectionParameters":{"user":"shout","database":"shout_development","port":5432,"host":"127.0.0.1","password":"shout","binary":false,"ssl":false,"client_encoding":"","isDomainSocket":false,"statement_timeout":false},"user":"shout","database":"shout_development","port":5432,"host":"127.0.0.1","password":"shout","_types":{"_types":{},"text":{},"binary":{}},"_ending":true,"_connecting":false,"_connected":true,"_connectionError":false,"connection":{"domain":null,"_events":{},"_eventsCount":17,"stream":{"connecting":false,"_hadError":false,"_handle":null,"_parent":null,"_host":null,"_readableState":{"objectMode":false,"highWaterMark":16384,"buffer":{"head":null,"tail":null,"length":0},"length":0,"pipes":null,"pipesCount":0,"flowing":true,"ended":true,"endEmitted":true,"reading":false,"sync":false,"needReadable":false,"emittedReadable":false,"readableListening":false,"resumeScheduled":false,"destroyed":true,"defaultEncoding":"utf8","awaitDrain":0,"readingMore":false,"decoder":null,"encoding":null},"readable":false,"domain":null,"_events":{},"_eventsCount":7,"_writableState":{"objectMode":false,"highWaterMark":16384,"finalCalled":false,"needDrain":false,"ending":true,"ended":true,"finished":true,"destroyed":true,"decodeStrings":false,"defaultEncoding":"utf8","length":0,"writing":false,"corked":0,"sync":false,"bufferProcessing":false,"writecb":null,"writelen":0,"bufferedRequest":null,"lastBufferedRequest":null,"pendingcb":0,"prefinished":true,"errorEmitted":false,"bufferedRequestCount":0,"corkedRequestsFree":{"next":null,"entry":null}},"writable":false,"allowHalfOpen":false,"_bytesDispatched":416,"_sockname":null,"_pendingData":null,"_pendingEncoding":"","server":null,"_server":null,"_consuming":true,"_idleNext":null,"_idlePrev":null,"_idleTimeout":-1},"_keepAlive":false,"lastBuffer":false,"lastOffset":0,"buffer":null,"offset":1,"encoding":"utf8","parsedStatements":{},"writer":{"size":1024,"buffer":{"type":"Buffer","data":[81,0,0,0,25,83,69,76,69,67,84,32,49,43,49,32,65,83,32,114,101,115,117,108,116,0,112,101,44,32,111,105,100,44,32,116,121,112,97,114,114,97,121,32,70,82,79,77,32,112,103,95,116,121,112,101,32,87,72,69,82,69,32,40,116,121,112,116,121,112,101,32,61,32,39,98,39,32,65,78,68,32,116,121,112,110,97,109,101,32,73,78,32,40,39,104,115,116,111,114,101,39,44,32,39,103,101,111,109,101,116,114,121,39,44,32,39,103,101,111,103,114,97,112,104,121,39,41,41,32,79,82,32,40,116,121,112,116,121,112,101,32,61,32,39,101,39,41,0,0,0,0,0,0,0,0,0,0,0,0,0,0,0,0,0,0,0,0,0,0,0,0,0,0,0,0,0,0,0,0,0,0,0,0,0,0,0,0,0,0,0,0,0,0,0,0,0,0,0,0,0,0,0,0,0,0,0,0,0,0,0,0,0,0,0,0,0,0,0,0,0,0,0,0,0,0,0,0,0,0,0,0,0,0,0,0,0,0,0,0,0,0,0,0,0,0,0,0,0,0,0,0,0,0,0,0,0,0,0,0,0,0,0,0,0,0,0,0,0,0,0,0,0,0,0,0,0,0,0,0,0,0,0,0,0,0,0,0,0,0,0,0,0,0,0,0,0,0,0,0,0,0,0,0,0,0,0,0,0,0,0,0,0,0,0,0,0,0,0,0,0,0,0,0,0,0,0,0,0,0,0,0,0,0,0,0,0,0,0,0,0,0,0,0,0,0,0,0,0,0,0,0,0,0,0,0,0,0,0,0,0,0,0,0,0,0,0,0,0,0,0,0,0,0,0,0,0,0,0,0,0,0,0,0,0,0,0,0,0,0,0,0,0,0,0,0,0,0,0,0,0,0,0,0,0,0,0,0,0,0,0,0,0,0,0,0,0,0,0,0,0,0,0,0,0,0,0,0,0,0,0,0,0,0,0,0,0,0,0,0,0,0,0,0,0,0,0,0,0,0,0,0,0,0,0,0,0,0,0,0,0,0,0,0,0,0,0,0,0,0,0,0,0,0,0,0,0,0,0,0,0,0,0,0,0,0,0,0,0,0,0,0,0,0,0,0,0,0,0,0,0,0,0,0,0,0,0,0,0,0,0,0,0,0,0,0,0,0,0,0,0,0,0,0,0,0,0,0,0,0,0,0,0,0,0,0,0,0,0,0,0,0,0,0,0,0,0,0,0,0,0,0,0,0,0,0,0,0,0,0,0,0,0,0,0,0,0,0,0,0,0,0,0,0,0,0,0,0,0,0,0,0,0,0,0,0,0,0,0,0,0,0,0,0,0,0,0,0,0,0,0,0,0,0,0,0,0,0,0,0,0,0,0,0,0,0,0,0,0,0,0,0,0,0,0,0,0,0,0,0,0,0,0,0,0,0,0,0,0,0,0,0,0,0,0,0,0,0,0,0,0,0,0,0,0,0,0,0,0,0,0,0,0,0,0,0,0,0,0,0,0,0,0,0,0,0,0,0,0,0,0,0,0,0,0,0,0,0,0,0,0,0,0,0,0,0,0,0,0,0,0,0,0,0,0,0,0,0,0,0,0,0,0,0,0,0,0,0,0,0,0,0,0,0,0,0,0,0,0,0,0,0,0,0,0,0,0,0,0,0,0,0,0,0,0,0,0,0,0,0,0,0,0,0,0,0,0,0,0,0,0,0,0,0,0,0,0,0,0,0,0,0,0,0,0,0,0,0,0,0,0,0,0,0,0,0,0,0,0,0,0,0,0,0,0,0,0,0,0,0,0,0,0,0,0,0,0,0,0,0,0,0,0,0,0,0,0,0,0,0,0,0,0,0,0,0,0,0,0,0,0,0,0,0,0,0,0,0,0,0,0,0,0,0,0,0,0,0,0,0,0,0,0,0,0,0,0,0,0,0,0,0,0,0,0,0,0,0,0,0,0,0,0,0,0,0,0,0,0,0,0,0,0,0,0,0,0,0,0,0,0,0,0,0,0,0,0,0,0,0,0,0,0,0,0,0,0,0,0,0,0,0,0,0,0,0,0,0,0,0,0,0,0,0,0,0,0,0,0,0,0,0,0,0,0,0,0,0,0,0,0,0,0,0,0,0,0,0,0,0,0,0,0,0,0,0,0,0,0,0,0,0,0,0,0,0,0,0,0,0,0,0,0,0,0,0,0,0,0,0,0,0,0,0,0,0,0,0,0,0,0,0,0,0,0,0,0,0,0,0,0,0,0,0,0,0,0,0,0,0,0,0,0,0,0,0,0,0,0,0,0,0,0,0,0,0,0,0,0]},"offset":5,"headerPosition":0,"lastEnd":0},"ssl":false,"_ending":true,"_mode":0,"_emitMessage":false,"_reader":{"offset":64,"lastChunk":false,"chunk":{"type":"Buffer","data":[84,0,0,0,31,0,1,114,101,115,117,108,116,0,0,0,0,0,0,0,0,0,0,23,0,4,255,255,255,255,0,0,68,0,0,0,11,0,1,0,0,0,1,50,67,0,0,0,13,83,69,76,69,67,84,32,49,0,90,0,0,0,5,73]},"chunkLength":64,"headerSize":1,"lengthPadding":-4,"header":90}},"queryQueue":[],"binary":false,"processID":59,"secretKey":-1279417123,"ssl":false,"activeQuery":null,"readyForQuery":true,"hasExecuted":true},"state":"INVALID"}},"_done":false},"_evictor":{},"_scheduledEviction":{"_called":false,"_idleTimeout":10000,"_idlePrev":{"_idleNext":"[Circular]","_idlePrev":"[Circular]","_timer":{"_list":"[Circular]"},"_unrefed":false,"msecs":10000,"nextTick":false},"_idleNext":{"_idleNext":"[Circular]","_idlePrev":"[Circular]","_timer":{"_list":"[Circular]"},"_unrefed":false,"msecs":10000,"nextTick":false},"_idleStart":50372,"_repeat":null,"_destroyed":false}},"lib":{"defaults":{"host":"localhost","user":"joe","database":"joe","password":null,"port":5432,"rows":0,"binary":false,"max":10,"idleTimeoutMillis":30000,"client_encoding":"","ssl":false,"parseInputDatesAsUTC":false,"statement_timeout":false},"_pools":[],"types":{"arrayParser":{}},"native":null},"oidMap":{},"arrayOidMap":{}},"QueryGenerator":{"options":{"dialect":"postgres","dialectModulePath":null,"host":"127.0.0.1","protocol":"tcp","define":{},"query":{},"sync":{},"timezone":"+00:00","omitNull":false,"native":false,"replication":false,"pool":{},"quoteIdentifiers":true,"hooks":{},"retry":{"max":5,"match":["SQLITE_BUSY: database is locked"]},"transactionType":"DEFERRED","isolationLevel":null,"databaseVersion":"9.4.0","typeValidation":false,"benchmark":false,"operatorsAliases":true,"username":"shout","password":"shout","database":"shout_development"},"dialect":"postgres","_templateSettings":{"escape":{},"evaluate":{},"interpolate":{},"variable":"","imports":{}},"OperatorMap":{},"OperatorsAliasMap":{},"_dialect":"[Circular]","sequelize":"[Circular]"}},"queryInterface":{"sequelize":"[Circular]","QueryGenerator":{"options":{"dialect":"postgres","dialectModulePath":null,"host":"127.0.0.1","protocol":"tcp","define":{},"query":{},"sync":{},"timezone":"+00:00","omitNull":false,"native":false,"replication":false,"pool":{},"quoteIdentifiers":true,"hooks":{},"retry":{"max":5,"match":["SQLITE_BUSY: database is locked"]},"transactionType":"DEFERRED","isolationLevel":null,"databaseVersion":"9.4.0","typeValidation":false,"benchmark":false,"operatorsAliases":true,"username":"shout","password":"shout","database":"shout_development"},"dialect":"postgres","_templateSettings":{"escape":{},"evaluate":{},"interpolate":{},"variable":"","imports":{}},"OperatorMap":{},"OperatorsAliasMap":{},"_dialect":"[Circular]","sequelize":"[Circular]"}},"models":{},"modelManager":{"models":[null],"sequelize":"[Circular]"},"connectionManager":{"sequelize":"[Circular]","config":{"database":"shout_development","username":"shout","password":"shout","host":"127.0.0.1","pool":{"max":5,"min":0,"idle":10000,"acquire":10000,"evict":10000,"handleDisconnects":true},"protocol":"tcp","native":false,"replication":false,"dialectModulePath":null,"user":"shout"},"dialect":"[Circular]","versionPromise":null,"dialectName":"postgres","pool":{"domain":null,"_events":{},"_eventsCount":0,"_config":{"fifo":true,"priorityRange":1,"testOnBorrow":true,"testOnReturn":false,"autostart":false,"acquireTimeoutMillis":10000,"max":5,"min":0,"evictionRunIntervalMillis":10000,"numTestsPerEvictionRun":3,"softIdleTimeoutMillis":-1,"idleTimeoutMillis":10000},"_factory":{},"_draining":false,"_started":true,"_waitingClientsQueue":{"_size":1,"_slots":[{"_list":{"head":null,"tail":null,"length":0}}]},"_factoryCreateOperations":{},"_factoryDestroyOperations":{},"_availableObjects":{"_list":{"head":{"prev":null,"next":null,"data":{"creationTime":1529805771769,"lastReturnTime":1529805771773,"lastBorrowTime":1529805771769,"lastIdleTime":1529805771773,"obj":{"domain":null,"_events":{},"_eventsCount":2,"connectionParameters":{"user":"shout","database":"shout_development","port":5432,"host":"127.0.0.1","password":"shout","binary":false,"ssl":false,"client_encoding":"","isDomainSocket":false,"statement_timeout":false},"user":"shout","database":"shout_development","port":5432,"host":"127.0.0.1","password":"shout","_types":{"_types":{},"text":{},"binary":{}},"_ending":false,"_connecting":false,"_connected":true,"_connectionError":false,"connection":{"domain":null,"_events":{},"_eventsCount":18,"stream":{"connecting":false,"_hadError":false,"_handle":{"reading":true,"owner":"[Circular]","onconnection":null,"writeQueueSize":0},"_parent":null,"_host":null,"_readableState":{"objectMode":false,"highWaterMark":16384,"buffer":{"head":null,"tail":null,"length":0},"length":0,"pipes":null,"pipesCount":0,"flowing":true,"ended":false,"endEmitted":false,"reading":true,"sync":false,"needReadable":true,"emittedReadable":false,"readableListening":false,"resumeScheduled":false,"destroyed":false,"defaultEncoding":"utf8","awaitDrain":0,"readingMore":false,"decoder":null,"encoding":null},"readable":true,"domain":null,"_events":{"end":[null,null]},"_eventsCount":7,"_writableState":{"objectMode":false,"highWaterMark":16384,"finalCalled":false,"needDrain":false,"ending":false,"ended":false,"finished":false,"destroyed":false,"decodeStrings":false,"defaultEncoding":"utf8","length":0,"writing":false,"corked":0,"sync":false,"bufferProcessing":false,"writecb":null,"writelen":0,"bufferedRequest":null,"lastBufferedRequest":null,"pendingcb":0,"prefinished":false,"errorEmitted":false,"bufferedRequestCount":0,"corkedRequestsFree":{"next":null,"entry":null}},"writable":true,"allowHalfOpen":false,"_bytesDispatched":613,"_sockname":null,"_pendingData":null,"_pendingEncoding":"","server":null,"_server":null,"_consuming":true},"_keepAlive":false,"lastBuffer":false,"lastOffset":0,"buffer":null,"offset":1,"encoding":"utf8","parsedStatements":{},"writer":{"size":1024,"buffer":{"type":"Buffer","data":[81,0,0,0,227,73,78,83,69,82,84,32,73,78,84,79,32,34,85,115,101,114,115,34,32,40,34,105,100,34,44,34,117,115,101,114,110,97,109,101,34,44,34,102,105,114,115,116,78,97,109,101,34,44,34,108,97,115,116,78,97,109,101,34,44,34,112,97,115,115,119,111,114,100,34,44,34,99,114,101,97,116,101,100,65,116,34,44,34,117,112,100,97,116,101,100,65,116,34,41,32,86,65,76,85,69,83,32,40,68,69,70,65,85,76,84,44,39,106,111,101,39,44,39,74,111,101,39,44,39,65,116,116,97,114,100,105,39,44,39,115,105,101,114,114,97,39,44,39,50,48,49,56,45,48,54,45,50,52,32,48,50,58,48,50,58,53,49,46,55,53,56,32,43,48,48,58,48,48,39,44,39,50,48,49,56,45,48,54,45,50,52,32,48,50,58,48,50,58,53,49,46,55,53,56,32,43,48,48,58,48,48,39,41,32,82,69,84,85,82,78,73,78,71,32,42,59,0,0,0,0,0,0,0,0,0,0,0,0,0,0,0,0,0,0,0,0,0,0,0,0,0,0,0,0,0,0,0,0,0,0,0,0,0,0,0,0,0,0,0,0,0,0,0,0,0,0,0,0,0,0,0,0,0,0,0,0,0,0,0,0,0,0,0,0,0,0,0,0,0,0,0,0,0,0,0,0,0,0,0,0,0,0,0,0,0,0,0,0,0,0,0,0,0,0,0,0,0,0,0,0,0,0,0,0,0,0,0,0,0,0,0,0,0,0,0,0,0,0,0,0,0,0,0,0,0,0,0,0,0,0,0,0,0,0,0,0,0,0,0,0,0,0,0,0,0,0,0,0,0,0,0,0,0,0,0,0,0,0,0,0,0,0,0,0,0,0,0,0,0,0,0,0,0,0,0,0,0,0,0,0,0,0,0,0,0,0,0,0,0,0,0,0,0,0,0,0,0,0,0,0,0,0,0,0,0,0,0,0,0,0,0,0,0,0,0,0,0,0,0,0,0,0,0,0,0,0,0,0,0,0,0,0,0,0,0,0,0,0,0,0,0,0,0,0,0,0,0,0,0,0,0,0,0,0,0,0,0,0,0,0,0,0,0,0,0,0,0,0,0,0,0,0,0,0,0,0,0,0,0,0,0,0,0,0,0,0,0,0,0,0,0,0,0,0,0,0,0,0,0,0,0,0,0,0,0,0,0,0,0,0,0,0,0,0,0,0,0,0,0,0,0,0,0,0,0,0,0,0,0,0,0,0,0,0,0,0,0,0,0,0,0,0,0,0,0,0,0,0,0,0,0,0,0,0,0,0,0,0,0,0,0,0,0,0,0,0,0,0,0,0,0,0,0,0,0,0,0,0,0,0,0,0,0,0,0,0,0,0,0,0,0,0,0,0,0,0,0,0,0,0,0,0,0,0,0,0,0,0,0,0,0,0,0,0,0,0,0,0,0,0,0,0,0,0,0,0,0,0,0,0,0,0,0,0,0,0,0,0,0,0,0,0,0,0,0,0,0,0,0,0,0,0,0,0,0,0,0,0,0,0,0,0,0,0,0,0,0,0,0,0,0,0,0,0,0,0,0,0,0,0,0,0,0,0,0,0,0,0,0,0,0,0,0,0,0,0,0,0,0,0,0,0,0,0,0,0,0,0,0,0,0,0,0,0,0,0,0,0,0,0,0,0,0,0,0,0,0,0,0,0,0,0,0,0,0,0,0,0,0,0,0,0,0,0,0,0,0,0,0,0,0,0,0,0,0,0,0,0,0,0,0,0,0,0,0,0,0,0,0,0,0,0,0,0,0,0,0,0,0,0,0,0,0,0,0,0,0,0,0,0,0,0,0,0,0,0,0,0,0,0,0,0,0,0,0,0,0,0,0,0,0,0,0,0,0,0,0,0,0,0,0,0,0,0,0,0,0,0,0,0,0,0,0,0,0,0,0,0,0,0,0,0,0,0,0,0,0,0,0,0,0,0,0,0,0,0,0,0,0,0,0,0,0,0,0,0,0,0,0,0,0,0,0,0,0,0,0,0,0,0,0,0,0,0,0,0,0,0,0,0,0,0,0,0,0,0,0,0,0,0,0,0,0,0,0,0,0,0,0,0,0,0,0,0,0,0,0,0,0,0,0,0,0,0,0,0,0,0,0,0,0,0,0,0,0,0,0,0,0,0,0,0,0,0,0,0,0,0,0,0,0,0,0,0,0,0,0,0,0,0,0,0,0,0,0,0,0,0,0,0,0,0,0,0,0,0,0,0,0,0,0,0,0,0,0,0,0,0,0,0,0,0,0,0,0,0,0,0]},"offset":5,"headerPosition":0,"lastEnd":0},"ssl":false,"_ending":false,"_mode":0,"_emitMessage":false,"_reader":{"offset":350,"lastChunk":false,"chunk":{"type":"Buffer","data":[84,0,0,0,216,0,8,105,100,0,0,0,96,8,0,1,0,0,0,23,0,4,255,255,255,255,0,0,117,115,101,114,110,97,109,101,0,0,0,96,8,0,2,0,0,4,19,255,255,0,0,1,3,0,0,102,105,114,115,116,78,97,109,101,0,0,0,96,8,0,3,0,0,4,19,255,255,0,0,1,3,0,0,108,97,115,116,78,97,109,101,0,0,0,96,8,0,4,0,0,4,19,255,255,0,0,1,3,0,0,101,109,97,105,108,0,0,0,96,8,0,5,0,0,4,19,255,255,0,0,1,3,0,0,112,97,115,115,119,111,114,100,0,0,0,96,8,0,6,0,0,4,19,255,255,0,0,1,3,0,0,99,114,101,97,116,101,100,65,116,0,0,0,96,8,0,7,0,0,4,160,0,8,255,255,255,255,0,0,117,112,100,97,116,101,100,65,116,0,0,0,96,8,0,8,0,0,4,160,0,8,255,255,255,255,0,0,68,0,0,0,110,0,8,0,0,0,1,49,0,0,0,3,106,111,101,0,0,0,3,74,111,101,0,0,0,7,65,116,116,97,114,100,105,255,255,255,255,0,0,0,6,115,105,101,114,114,97,0,0,0,26,50,48,49,56,45,48,54,45,50,52,32,48,50,58,48,50,58,53,49,46,55,53,56,43,48,48,0,0,0,26,50,48,49,56,45,48,54,45,50,52,32,48,50,58,48,50,58,53,49,46,55,53,56,43,48,48,67,0,0,0,15,73,78,83,69,82,84,32,48,32,49,0,90,0,0,0,5,73]},"chunkLength":350,"headerSize":1,"lengthPadding":-4,"header":90}},"queryQueue":[],"binary":false,"processID":66,"secretKey":-1653914204,"ssl":false,"activeQuery":null,"readyForQuery":true,"hasExecuted":true},"state":"IDLE"}},"tail":{"prev":null,"next":null,"data":{"creationTime":1529805771769,"lastReturnTime":1529805771773,"lastBorrowTime":1529805771769,"lastIdleTime":1529805771773,"obj":{"domain":null,"_events":{},"_eventsCount":2,"connectionParameters":{"user":"shout","database":"shout_development","port":5432,"host":"127.0.0.1","password":"shout","binary":false,"ssl":false,"client_encoding":"","isDomainSocket":false,"statement_timeout":false},"user":"shout","database":"shout_development","port":5432,"host":"127.0.0.1","password":"shout","_types":{"_types":{},"text":{},"binary":{}},"_ending":false,"_connecting":false,"_connected":true,"_connectionError":false,"connection":{"domain":null,"_events":{},"_eventsCount":18,"stream":{"connecting":false,"_hadError":false,"_handle":{"reading":true,"owner":"[Circular]","onconnection":null,"writeQueueSize":0},"_parent":null,"_host":null,"_readableState":{"objectMode":false,"highWaterMark":16384,"buffer":{"head":null,"tail":null,"length":0},"length":0,"pipes":null,"pipesCount":0,"flowing":true,"ended":false,"endEmitted":false,"reading":true,"sync":false,"needReadable":true,"emittedReadable":false,"readableListening":false,"resumeScheduled":false,"destroyed":false,"defaultEncoding":"utf8","awaitDrain":0,"readingMore":false,"decoder":null,"encoding":null},"readable":true,"domain":null,"_events":{"end":[null,null]},"_eventsCount":7,"_writableState":{"objectMode":false,"highWaterMark":16384,"finalCalled":false,"needDrain":false,"ending":false,"ended":false,"finished":false,"destroyed":false,"decodeStrings":false,"defaultEncoding":"utf8","length":0,"writing":false,"corked":0,"sync":false,"bufferProcessing":false,"writecb":null,"writelen":0,"bufferedRequest":null,"lastBufferedRequest":null,"pendingcb":0,"prefinished":false,"errorEmitted":false,"bufferedRequestCount":0,"corkedRequestsFree":{"next":null,"entry":null}},"writable":true,"allowHalfOpen":false,"_bytesDispatched":613,"_sockname":null,"_pendingData":null,"_pendingEncoding":"","server":null,"_server":null,"_consuming":true},"_keepAlive":false,"lastBuffer":false,"lastOffset":0,"buffer":null,"offset":1,"encoding":"utf8","parsedStatements":{},"writer":{"size":1024,"buffer":{"type":"Buffer","data":[81,0,0,0,227,73,78,83,69,82,84,32,73,78,84,79,32,34,85,115,101,114,115,34,32,40,34,105,100,34,44,34,117,115,101,114,110,97,109,101,34,44,34,102,105,114,115,116,78,97,109,101,34,44,34,108,97,115,116,78,97,109,101,34,44,34,112,97,115,115,119,111,114,100,34,44,34,99,114,101,97,116,101,100,65,116,34,44,34,117,112,100,97,116,101,100,65,116,34,41,32,86,65,76,85,69,83,32,40,68,69,70,65,85,76,84,44,39,106,111,101,39,44,39,74,111,101,39,44,39,65,116,116,97,114,100,105,39,44,39,115,105,101,114,114,97,39,44,39,50,48,49,56,45,48,54,45,50,52,32,48,50,58,48,50,58,53,49,46,55,53,56,32,43,48,48,58,48,48,39,44,39,50,48,49,56,45,48,54,45,50,52,32,48,50,58,48,50,58,53,49,46,55,53,56,32,43,48,48,58,48,48,39,41,32,82,69,84,85,82,78,73,78,71,32,42,59,0,0,0,0,0,0,0,0,0,0,0,0,0,0,0,0,0,0,0,0,0,0,0,0,0,0,0,0,0,0,0,0,0,0,0,0,0,0,0,0,0,0,0,0,0,0,0,0,0,0,0,0,0,0,0,0,0,0,0,0,0,0,0,0,0,0,0,0,0,0,0,0,0,0,0,0,0,0,0,0,0,0,0,0,0,0,0,0,0,0,0,0,0,0,0,0,0,0,0,0,0,0,0,0,0,0,0,0,0,0,0,0,0,0,0,0,0,0,0,0,0,0,0,0,0,0,0,0,0,0,0,0,0,0,0,0,0,0,0,0,0,0,0,0,0,0,0,0,0,0,0,0,0,0,0,0,0,0,0,0,0,0,0,0,0,0,0,0,0,0,0,0,0,0,0,0,0,0,0,0,0,0,0,0,0,0,0,0,0,0,0,0,0,0,0,0,0,0,0,0,0,0,0,0,0,0,0,0,0,0,0,0,0,0,0,0,0,0,0,0,0,0,0,0,0,0,0,0,0,0,0,0,0,0,0,0,0,0,0,0,0,0,0,0,0,0,0,0,0,0,0,0,0,0,0,0,0,0,0,0,0,0,0,0,0,0,0,0,0,0,0,0,0,0,0,0,0,0,0,0,0,0,0,0,0,0,0,0,0,0,0,0,0,0,0,0,0,0,0,0,0,0,0,0,0,0,0,0,0,0,0,0,0,0,0,0,0,0,0,0,0,0,0,0,0,0,0,0,0,0,0,0,0,0,0,0,0,0,0,0,0,0,0,0,0,0,0,0,0,0,0,0,0,0,0,0,0,0,0,0,0,0,0,0,0,0,0,0,0,0,0,0,0,0,0,0,0,0,0,0,0,0,0,0,0,0,0,0,0,0,0,0,0,0,0,0,0,0,0,0,0,0,0,0,0,0,0,0,0,0,0,0,0,0,0,0,0,0,0,0,0,0,0,0,0,0,0,0,0,0,0,0,0,0,0,0,0,0,0,0,0,0,0,0,0,0,0,0,0,0,0,0,0,0,0,0,0,0,0,0,0,0,0,0,0,0,0,0,0,0,0,0,0,0,0,0,0,0,0,0,0,0,0,0,0,0,0,0,0,0,0,0,0,0,0,0,0,0,0,0,0,0,0,0,0,0,0,0,0,0,0,0,0,0,0,0,0,0,0,0,0,0,0,0,0,0,0,0,0,0,0,0,0,0,0,0,0,0,0,0,0,0,0,0,0,0,0,0,0,0,0,0,0,0,0,0,0,0,0,0,0,0,0,0,0,0,0,0,0,0,0,0,0,0,0,0,0,0,0,0,0,0,0,0,0,0,0,0,0,0,0,0,0,0,0,0,0,0,0,0,0,0,0,0,0,0,0,0,0,0,0,0,0,0,0,0,0,0,0,0,0,0,0,0,0,0,0,0,0,0,0,0,0,0,0,0,0,0,0,0,0,0,0,0,0,0,0,0,0,0,0,0,0,0,0,0,0,0,0,0,0,0,0,0,0,0,0,0,0,0,0,0,0,0,0,0,0,0,0,0,0,0,0,0,0,0,0,0,0,0,0,0,0,0,0,0,0,0,0,0,0,0,0,0,0,0,0,0,0,0,0,0,0,0,0,0,0,0,0,0,0,0,0,0,0,0,0,0,0,0,0,0,0,0,0,0,0,0,0,0,0,0,0,0,0,0,0,0,0,0,0,0,0,0,0,0,0,0,0,0,0,0,0,0,0,0,0,0,0,0,0,0,0,0,0,0,0,0,0,0,0,0,0,0,0,0,0,0,0,0,0,0,0,0,0,0,0,0,0,0,0,0]},"offset":5,"headerPosition":0,"lastEnd":0},"ssl":false,"_ending":false,"_mode":0,"_emitMessage":false,"_reader":{"offset":350,"lastChunk":false,"chunk":{"type":"Buffer","data":[84,0,0,0,216,0,8,105,100,0,0,0,96,8,0,1,0,0,0,23,0,4,255,255,255,255,0,0,117,115,101,114,110,97,109,101,0,0,0,96,8,0,2,0,0,4,19,255,255,0,0,1,3,0,0,102,105,114,115,116,78,97,109,101,0,0,0,96,8,0,3,0,0,4,19,255,255,0,0,1,3,0,0,108,97,115,116,78,97,109,101,0,0,0,96,8,0,4,0,0,4,19,255,255,0,0,1,3,0,0,101,109,97,105,108,0,0,0,96,8,0,5,0,0,4,19,255,255,0,0,1,3,0,0,112,97,115,115,119,111,114,100,0,0,0,96,8,0,6,0,0,4,19,255,255,0,0,1,3,0,0,99,114,101,97,116,101,100,65,116,0,0,0,96,8,0,7,0,0,4,160,0,8,255,255,255,255,0,0,117,112,100,97,116,101,100,65,116,0,0,0,96,8,0,8,0,0,4,160,0,8,255,255,255,255,0,0,68,0,0,0,110,0,8,0,0,0,1,49,0,0,0,3,106,111,101,0,0,0,3,74,111,101,0,0,0,7,65,116,116,97,114,100,105,255,255,255,255,0,0,0,6,115,105,101,114,114,97,0,0,0,26,50,48,49,56,45,48,54,45,50,52,32,48,50,58,48,50,58,53,49,46,55,53,56,43,48,48,0,0,0,26,50,48,49,56,45,48,54,45,50,52,32,48,50,58,48,50,58,53,49,46,55,53,56,43,48,48,67,0,0,0,15,73,78,83,69,82,84,32,48,32,49,0,90,0,0,0,5,73]},"chunkLength":350,"headerSize":1,"lengthPadding":-4,"header":90}},"queryQueue":[],"binary":false,"processID":66,"secretKey":-1653914204,"ssl":false,"activeQuery":null,"readyForQuery":true,"hasExecuted":true},"state":"IDLE"}},"length":1}},"_testOnBorrowResources":{},"_testOnReturnResources":{},"_validationOperations":{},"_allObjects":{},"_resourceLoans":{},"_evictionIterator":{"_list":{"head":{"prev":null,"next":null,"data":{"creationTime":1529805771769,"lastReturnTime":1529805771773,"lastBorrowTime":1529805771769,"lastIdleTime":1529805771773,"obj":{"domain":null,"_events":{},"_eventsCount":2,"connectionParameters":{"user":"shout","database":"shout_development","port":5432,"host":"127.0.0.1","password":"shout","binary":false,"ssl":false,"client_encoding":"","isDomainSocket":false,"statement_timeout":false},"user":"shout","database":"shout_development","port":5432,"host":"127.0.0.1","password":"shout","_types":{"_types":{},"text":{},"binary":{}},"_ending":false,"_connecting":false,"_connected":true,"_connectionError":false,"connection":{"domain":null,"_events":{},"_eventsCount":18,"stream":{"connecting":false,"_hadError":false,"_handle":{"reading":true,"owner":"[Circular]","onconnection":null,"writeQueueSize":0},"_parent":null,"_host":null,"_readableState":{"objectMode":false,"highWaterMark":16384,"buffer":{"head":null,"tail":null,"length":0},"length":0,"pipes":null,"pipesCount":0,"flowing":true,"ended":false,"endEmitted":false,"reading":true,"sync":false,"needReadable":true,"emittedReadable":false,"readableListening":false,"resumeScheduled":false,"destroyed":false,"defaultEncoding":"utf8","awaitDrain":0,"readingMore":false,"decoder":null,"encoding":null},"readable":true,"domain":null,"_events":{"end":[null,null]},"_eventsCount":7,"_writableState":{"objectMode":false,"highWaterMark":16384,"finalCalled":false,"needDrain":false,"ending":false,"ended":false,"finished":false,"destroyed":false,"decodeStrings":false,"defaultEncoding":"utf8","length":0,"writing":false,"corked":0,"sync":false,"bufferProcessing":false,"writecb":null,"writelen":0,"bufferedRequest":null,"lastBufferedRequest":null,"pendingcb":0,"prefinished":false,"errorEmitted":false,"bufferedRequestCount":0,"corkedRequestsFree":{"next":null,"entry":null}},"writable":true,"allowHalfOpen":false,"_bytesDispatched":613,"_sockname":null,"_pendingData":null,"_pendingEncoding":"","server":null,"_server":null,"_consuming":true},"_keepAlive":false,"lastBuffer":false,"lastOffset":0,"buffer":null,"offset":1,"encoding":"utf8","parsedStatements":{},"writer":{"size":1024,"buffer":{"type":"Buffer","data":[81,0,0,0,227,73,78,83,69,82,84,32,73,78,84,79,32,34,85,115,101,114,115,34,32,40,34,105,100,34,44,34,117,115,101,114,110,97,109,101,34,44,34,102,105,114,115,116,78,97,109,101,34,44,34,108,97,115,116,78,97,109,101,34,44,34,112,97,115,115,119,111,114,100,34,44,34,99,114,101,97,116,101,100,65,116,34,44,34,117,112,100,97,116,101,100,65,116,34,41,32,86,65,76,85,69,83,32,40,68,69,70,65,85,76,84,44,39,106,111,101,39,44,39,74,111,101,39,44,39,65,116,116,97,114,100,105,39,44,39,115,105,101,114,114,97,39,44,39,50,48,49,56,45,48,54,45,50,52,32,48,50,58,48,50,58,53,49,46,55,53,56,32,43,48,48,58,48,48,39,44,39,50,48,49,56,45,48,54,45,50,52,32,48,50,58,48,50,58,53,49,46,55,53,56,32,43,48,48,58,48,48,39,41,32,82,69,84,85,82,78,73,78,71,32,42,59,0,0,0,0,0,0,0,0,0,0,0,0,0,0,0,0,0,0,0,0,0,0,0,0,0,0,0,0,0,0,0,0,0,0,0,0,0,0,0,0,0,0,0,0,0,0,0,0,0,0,0,0,0,0,0,0,0,0,0,0,0,0,0,0,0,0,0,0,0,0,0,0,0,0,0,0,0,0,0,0,0,0,0,0,0,0,0,0,0,0,0,0,0,0,0,0,0,0,0,0,0,0,0,0,0,0,0,0,0,0,0,0,0,0,0,0,0,0,0,0,0,0,0,0,0,0,0,0,0,0,0,0,0,0,0,0,0,0,0,0,0,0,0,0,0,0,0,0,0,0,0,0,0,0,0,0,0,0,0,0,0,0,0,0,0,0,0,0,0,0,0,0,0,0,0,0,0,0,0,0,0,0,0,0,0,0,0,0,0,0,0,0,0,0,0,0,0,0,0,0,0,0,0,0,0,0,0,0,0,0,0,0,0,0,0,0,0,0,0,0,0,0,0,0,0,0,0,0,0,0,0,0,0,0,0,0,0,0,0,0,0,0,0,0,0,0,0,0,0,0,0,0,0,0,0,0,0,0,0,0,0,0,0,0,0,0,0,0,0,0,0,0,0,0,0,0,0,0,0,0,0,0,0,0,0,0,0,0,0,0,0,0,0,0,0,0,0,0,0,0,0,0,0,0,0,0,0,0,0,0,0,0,0,0,0,0,0,0,0,0,0,0,0,0,0,0,0,0,0,0,0,0,0,0,0,0,0,0,0,0,0,0,0,0,0,0,0,0,0,0,0,0,0,0,0,0,0,0,0,0,0,0,0,0,0,0,0,0,0,0,0,0,0,0,0,0,0,0,0,0,0,0,0,0,0,0,0,0,0,0,0,0,0,0,0,0,0,0,0,0,0,0,0,0,0,0,0,0,0,0,0,0,0,0,0,0,0,0,0,0,0,0,0,0,0,0,0,0,0,0,0,0,0,0,0,0,0,0,0,0,0,0,0,0,0,0,0,0,0,0,0,0,0,0,0,0,0,0,0,0,0,0,0,0,0,0,0,0,0,0,0,0,0,0,0,0,0,0,0,0,0,0,0,0,0,0,0,0,0,0,0,0,0,0,0,0,0,0,0,0,0,0,0,0,0,0,0,0,0,0,0,0,0,0,0,0,0,0,0,0,0,0,0,0,0,0,0,0,0,0,0,0,0,0,0,0,0,0,0,0,0,0,0,0,0,0,0,0,0,0,0,0,0,0,0,0,0,0,0,0,0,0,0,0,0,0,0,0,0,0,0,0,0,0,0,0,0,0,0,0,0,0,0,0,0,0,0,0,0,0,0,0,0,0,0,0,0,0,0,0,0,0,0,0,0,0,0,0,0,0,0,0,0,0,0,0,0,0,0,0,0,0,0,0,0,0,0,0,0,0,0,0,0,0,0,0,0,0,0,0,0,0,0,0,0,0,0,0,0,0,0,0,0,0,0,0,0,0,0,0,0,0,0,0,0,0,0,0,0,0,0,0,0,0,0,0,0,0,0,0,0,0,0,0,0,0,0,0,0,0,0,0,0,0,0,0,0,0,0,0,0,0,0,0,0,0,0,0,0,0,0,0,0,0,0,0,0,0,0,0,0,0,0,0,0,0,0,0,0,0,0,0,0,0,0,0,0,0,0,0,0,0,0,0,0,0,0,0,0,0,0,0,0,0,0,0,0,0,0,0,0,0,0,0,0,0,0,0,0,0,0,0,0,0,0,0,0,0,0,0,0,0,0,0,0,0,0,0,0,0,0,0,0,0,0,0,0,0,0,0,0,0]},"offset":5,"headerPosition":0,"lastEnd":0},"ssl":false,"_ending":false,"_mode":0,"_emitMessage":false,"_reader":{"offset":350,"lastChunk":false,"chunk":{"type":"Buffer","data":[84,0,0,0,216,0,8,105,100,0,0,0,96,8,0,1,0,0,0,23,0,4,255,255,255,255,0,0,117,115,101,114,110,97,109,101,0,0,0,96,8,0,2,0,0,4,19,255,255,0,0,1,3,0,0,102,105,114,115,116,78,97,109,101,0,0,0,96,8,0,3,0,0,4,19,255,255,0,0,1,3,0,0,108,97,115,116,78,97,109,101,0,0,0,96,8,0,4,0,0,4,19,255,255,0,0,1,3,0,0,101,109,97,105,108,0,0,0,96,8,0,5,0,0,4,19,255,255,0,0,1,3,0,0,112,97,115,115,119,111,114,100,0,0,0,96,8,0,6,0,0,4,19,255,255,0,0,1,3,0,0,99,114,101,97,116,101,100,65,116,0,0,0,96,8,0,7,0,0,4,160,0,8,255,255,255,255,0,0,117,112,100,97,116,101,100,65,116,0,0,0,96,8,0,8,0,0,4,160,0,8,255,255,255,255,0,0,68,0,0,0,110,0,8,0,0,0,1,49,0,0,0,3,106,111,101,0,0,0,3,74,111,101,0,0,0,7,65,116,116,97,114,100,105,255,255,255,255,0,0,0,6,115,105,101,114,114,97,0,0,0,26,50,48,49,56,45,48,54,45,50,52,32,48,50,58,48,50,58,53,49,46,55,53,56,43,48,48,0,0,0,26,50,48,49,56,45,48,54,45,50,52,32,48,50,58,48,50,58,53,49,46,55,53,56,43,48,48,67,0,0,0,15,73,78,83,69,82,84,32,48,32,49,0,90,0,0,0,5,73]},"chunkLength":350,"headerSize":1,"lengthPadding":-4,"header":90}},"queryQueue":[],"binary":false,"processID":66,"secretKey":-1653914204,"ssl":false,"activeQuery":null,"readyForQuery":true,"hasExecuted":true},"state":"IDLE"}},"tail":{"prev":null,"next":null,"data":{"creationTime":1529805771769,"lastReturnTime":1529805771773,"lastBorrowTime":1529805771769,"lastIdleTime":1529805771773,"obj":{"domain":null,"_events":{},"_eventsCount":2,"connectionParameters":{"user":"shout","database":"shout_development","port":5432,"host":"127.0.0.1","password":"shout","binary":false,"ssl":false,"client_encoding":"","isDomainSocket":false,"statement_timeout":false},"user":"shout","database":"shout_development","port":5432,"host":"127.0.0.1","password":"shout","_types":{"_types":{},"text":{},"binary":{}},"_ending":false,"_connecting":false,"_connected":true,"_connectionError":false,"connection":{"domain":null,"_events":{},"_eventsCount":18,"stream":{"connecting":false,"_hadError":false,"_handle":{"reading":true,"owner":"[Circular]","onconnection":null,"writeQueueSize":0},"_parent":null,"_host":null,"_readableState":{"objectMode":false,"highWaterMark":16384,"buffer":{"head":null,"tail":null,"length":0},"length":0,"pipes":null,"pipesCount":0,"flowing":true,"ended":false,"endEmitted":false,"reading":true,"sync":false,"needReadable":true,"emittedReadable":false,"readableListening":false,"resumeScheduled":false,"destroyed":false,"defaultEncoding":"utf8","awaitDrain":0,"readingMore":false,"decoder":null,"encoding":null},"readable":true,"domain":null,"_events":{"end":[null,null]},"_eventsCount":7,"_writableState":{"objectMode":false,"highWaterMark":16384,"finalCalled":false,"needDrain":false,"ending":false,"ended":false,"finished":false,"destroyed":false,"decodeStrings":false,"defaultEncoding":"utf8","length":0,"writing":false,"corked":0,"sync":false,"bufferProcessing":false,"writecb":null,"writelen":0,"bufferedRequest":null,"lastBufferedRequest":null,"pendingcb":0,"prefinished":false,"errorEmitted":false,"bufferedRequestCount":0,"corkedRequestsFree":{"next":null,"entry":null}},"writable":true,"allowHalfOpen":false,"_bytesDispatched":613,"_sockname":null,"_pendingData":null,"_pendingEncoding":"","server":null,"_server":null,"_consuming":true},"_keepAlive":false,"lastBuffer":false,"lastOffset":0,"buffer":null,"offset":1,"encoding":"utf8","parsedStatements":{},"writer":{"size":1024,"buffer":{"type":"Buffer","data":[81,0,0,0,227,73,78,83,69,82,84,32,73,78,84,79,32,34,85,115,101,114,115,34,32,40,34,105,100,34,44,34,117,115,101,114,110,97,109,101,34,44,34,102,105,114,115,116,78,97,109,101,34,44,34,108,97,115,116,78,97,109,101,34,44,34,112,97,115,115,119,111,114,100,34,44,34,99,114,101,97,116,101,100,65,116,34,44,34,117,112,100,97,116,101,100,65,116,34,41,32,86,65,76,85,69,83,32,40,68,69,70,65,85,76,84,44,39,106,111,101,39,44,39,74,111,101,39,44,39,65,116,116,97,114,100,105,39,44,39,115,105,101,114,114,97,39,44,39,50,48,49,56,45,48,54,45,50,52,32,48,50,58,48,50,58,53,49,46,55,53,56,32,43,48,48,58,48,48,39,44,39,50,48,49,56,45,48,54,45,50,52,32,48,50,58,48,50,58,53,49,46,55,53,56,32,43,48,48,58,48,48,39,41,32,82,69,84,85,82,78,73,78,71,32,42,59,0,0,0,0,0,0,0,0,0,0,0,0,0,0,0,0,0,0,0,0,0,0,0,0,0,0,0,0,0,0,0,0,0,0,0,0,0,0,0,0,0,0,0,0,0,0,0,0,0,0,0,0,0,0,0,0,0,0,0,0,0,0,0,0,0,0,0,0,0,0,0,0,0,0,0,0,0,0,0,0,0,0,0,0,0,0,0,0,0,0,0,0,0,0,0,0,0,0,0,0,0,0,0,0,0,0,0,0,0,0,0,0,0,0,0,0,0,0,0,0,0,0,0,0,0,0,0,0,0,0,0,0,0,0,0,0,0,0,0,0,0,0,0,0,0,0,0,0,0,0,0,0,0,0,0,0,0,0,0,0,0,0,0,0,0,0,0,0,0,0,0,0,0,0,0,0,0,0,0,0,0,0,0,0,0,0,0,0,0,0,0,0,0,0,0,0,0,0,0,0,0,0,0,0,0,0,0,0,0,0,0,0,0,0,0,0,0,0,0,0,0,0,0,0,0,0,0,0,0,0,0,0,0,0,0,0,0,0,0,0,0,0,0,0,0,0,0,0,0,0,0,0,0,0,0,0,0,0,0,0,0,0,0,0,0,0,0,0,0,0,0,0,0,0,0,0,0,0,0,0,0,0,0,0,0,0,0,0,0,0,0,0,0,0,0,0,0,0,0,0,0,0,0,0,0,0,0,0,0,0,0,0,0,0,0,0,0,0,0,0,0,0,0,0,0,0,0,0,0,0,0,0,0,0,0,0,0,0,0,0,0,0,0,0,0,0,0,0,0,0,0,0,0,0,0,0,0,0,0,0,0,0,0,0,0,0,0,0,0,0,0,0,0,0,0,0,0,0,0,0,0,0,0,0,0,0,0,0,0,0,0,0,0,0,0,0,0,0,0,0,0,0,0,0,0,0,0,0,0,0,0,0,0,0,0,0,0,0,0,0,0,0,0,0,0,0,0,0,0,0,0,0,0,0,0,0,0,0,0,0,0,0,0,0,0,0,0,0,0,0,0,0,0,0,0,0,0,0,0,0,0,0,0,0,0,0,0,0,0,0,0,0,0,0,0,0,0,0,0,0,0,0,0,0,0,0,0,0,0,0,0,0,0,0,0,0,0,0,0,0,0,0,0,0,0,0,0,0,0,0,0,0,0,0,0,0,0,0,0,0,0,0,0,0,0,0,0,0,0,0,0,0,0,0,0,0,0,0,0,0,0,0,0,0,0,0,0,0,0,0,0,0,0,0,0,0,0,0,0,0,0,0,0,0,0,0,0,0,0,0,0,0,0,0,0,0,0,0,0,0,0,0,0,0,0,0,0,0,0,0,0,0,0,0,0,0,0,0,0,0,0,0,0,0,0,0,0,0,0,0,0,0,0,0,0,0,0,0,0,0,0,0,0,0,0,0,0,0,0,0,0,0,0,0,0,0,0,0,0,0,0,0,0,0,0,0,0,0,0,0,0,0,0,0,0,0,0,0,0,0,0,0,0,0,0,0,0,0,0,0,0,0,0,0,0,0,0,0,0,0,0,0,0,0,0,0,0,0,0,0,0,0,0,0,0,0,0,0,0,0,0,0,0,0,0,0,0,0,0,0,0,0,0,0,0,0,0,0,0,0,0,0,0,0,0,0,0,0,0,0,0,0,0,0,0,0,0,0,0,0,0,0,0,0,0,0,0,0,0,0,0,0,0,0,0,0,0,0,0,0,0,0,0,0,0,0,0,0,0,0,0,0,0,0,0,0,0,0,0,0,0,0,0,0,0,0,0,0,0,0,0,0,0,0,0,0,0,0,0,0,0,0]},"offset":5,"headerPosition":0,"lastEnd":0},"ssl":false,"_ending":false,"_mode":0,"_emitMessage":false,"_reader":{"offset":350,"lastChunk":false,"chunk":{"type":"Buffer","data":[84,0,0,0,216,0,8,105,100,0,0,0,96,8,0,1,0,0,0,23,0,4,255,255,255,255,0,0,117,115,101,114,110,97,109,101,0,0,0,96,8,0,2,0,0,4,19,255,255,0,0,1,3,0,0,102,105,114,115,116,78,97,109,101,0,0,0,96,8,0,3,0,0,4,19,255,255,0,0,1,3,0,0,108,97,115,116,78,97,109,101,0,0,0,96,8,0,4,0,0,4,19,255,255,0,0,1,3,0,0,101,109,97,105,108,0,0,0,96,8,0,5,0,0,4,19,255,255,0,0,1,3,0,0,112,97,115,115,119,111,114,100,0,0,0,96,8,0,6,0,0,4,19,255,255,0,0,1,3,0,0,99,114,101,97,116,101,100,65,116,0,0,0,96,8,0,7,0,0,4,160,0,8,255,255,255,255,0,0,117,112,100,97,116,101,100,65,116,0,0,0,96,8,0,8,0,0,4,160,0,8,255,255,255,255,0,0,68,0,0,0,110,0,8,0,0,0,1,49,0,0,0,3,106,111,101,0,0,0,3,74,111,101,0,0,0,7,65,116,116,97,114,100,105,255,255,255,255,0,0,0,6,115,105,101,114,114,97,0,0,0,26,50,48,49,56,45,48,54,45,50,52,32,48,50,58,48,50,58,53,49,46,55,53,56,43,48,48,0,0,0,26,50,48,49,56,45,48,54,45,50,52,32,48,50,58,48,50,58,53,49,46,55,53,56,43,48,48,67,0,0,0,15,73,78,83,69,82,84,32,48,32,49,0,90,0,0,0,5,73]},"chunkLength":350,"headerSize":1,"lengthPadding":-4,"header":90}},"queryQueue":[],"binary":false,"processID":66,"secretKey":-1653914204,"ssl":false,"activeQuery":null,"readyForQuery":true,"hasExecuted":true},"state":"IDLE"}},"length":1},"_direction":"next","_startPosition":"head","_started":true,"_cursor":{"prev":null,"next":null,"data":{"creationTime":1529805712857,"lastReturnTime":1529805712858,"lastBorrowTime":1529805712857,"lastIdleTime":1529805712858,"obj":{"domain":null,"_events":{},"_eventsCount":2,"connectionParameters":{"user":"shout","database":"shout_development","port":5432,"host":"127.0.0.1","password":"shout","binary":false,"ssl":false,"client_encoding":"","isDomainSocket":false,"statement_timeout":false},"user":"shout","database":"shout_development","port":5432,"host":"127.0.0.1","password":"shout","_types":{"_types":{},"text":{},"binary":{}},"_ending":true,"_connecting":false,"_connected":true,"_connectionError":false,"connection":{"domain":null,"_events":{},"_eventsCount":17,"stream":{"connecting":false,"_hadError":false,"_handle":null,"_parent":null,"_host":null,"_readableState":{"objectMode":false,"highWaterMark":16384,"buffer":{"head":null,"tail":null,"length":0},"length":0,"pipes":null,"pipesCount":0,"flowing":true,"ended":true,"endEmitted":true,"reading":false,"sync":false,"needReadable":false,"emittedReadable":false,"readableListening":false,"resumeScheduled":false,"destroyed":true,"defaultEncoding":"utf8","awaitDrain":0,"readingMore":false,"decoder":null,"encoding":null},"readable":false,"domain":null,"_events":{},"_eventsCount":7,"_writableState":{"objectMode":false,"highWaterMark":16384,"finalCalled":false,"needDrain":false,"ending":true,"ended":true,"finished":true,"destroyed":true,"decodeStrings":false,"defaultEncoding":"utf8","length":0,"writing":false,"corked":0,"sync":false,"bufferProcessing":false,"writecb":null,"writelen":0,"bufferedRequest":null,"lastBufferedRequest":null,"pendingcb":0,"prefinished":true,"errorEmitted":false,"bufferedRequestCount":0,"corkedRequestsFree":{"next":null,"entry":null}},"writable":false,"allowHalfOpen":false,"_bytesDispatched":416,"_sockname":null,"_pendingData":null,"_pendingEncoding":"","server":null,"_server":null,"_consuming":true,"_idleNext":null,"_idlePrev":null,"_idleTimeout":-1},"_keepAlive":false,"lastBuffer":false,"lastOffset":0,"buffer":null,"offset":1,"encoding":"utf8","parsedStatements":{},"writer":{"size":1024,"buffer":{"type":"Buffer","data":[81,0,0,0,25,83,69,76,69,67,84,32,49,43,49,32,65,83,32,114,101,115,117,108,116,0,112,101,44,32,111,105,100,44,32,116,121,112,97,114,114,97,121,32,70,82,79,77,32,112,103,95,116,121,112,101,32,87,72,69,82,69,32,40,116,121,112,116,121,112,101,32,61,32,39,98,39,32,65,78,68,32,116,121,112,110,97,109,101,32,73,78,32,40,39,104,115,116,111,114,101,39,44,32,39,103,101,111,109,101,116,114,121,39,44,32,39,103,101,111,103,114,97,112,104,121,39,41,41,32,79,82,32,40,116,121,112,116,121,112,101,32,61,32,39,101,39,41,0,0,0,0,0,0,0,0,0,0,0,0,0,0,0,0,0,0,0,0,0,0,0,0,0,0,0,0,0,0,0,0,0,0,0,0,0,0,0,0,0,0,0,0,0,0,0,0,0,0,0,0,0,0,0,0,0,0,0,0,0,0,0,0,0,0,0,0,0,0,0,0,0,0,0,0,0,0,0,0,0,0,0,0,0,0,0,0,0,0,0,0,0,0,0,0,0,0,0,0,0,0,0,0,0,0,0,0,0,0,0,0,0,0,0,0,0,0,0,0,0,0,0,0,0,0,0,0,0,0,0,0,0,0,0,0,0,0,0,0,0,0,0,0,0,0,0,0,0,0,0,0,0,0,0,0,0,0,0,0,0,0,0,0,0,0,0,0,0,0,0,0,0,0,0,0,0,0,0,0,0,0,0,0,0,0,0,0,0,0,0,0,0,0,0,0,0,0,0,0,0,0,0,0,0,0,0,0,0,0,0,0,0,0,0,0,0,0,0,0,0,0,0,0,0,0,0,0,0,0,0,0,0,0,0,0,0,0,0,0,0,0,0,0,0,0,0,0,0,0,0,0,0,0,0,0,0,0,0,0,0,0,0,0,0,0,0,0,0,0,0,0,0,0,0,0,0,0,0,0,0,0,0,0,0,0,0,0,0,0,0,0,0,0,0,0,0,0,0,0,0,0,0,0,0,0,0,0,0,0,0,0,0,0,0,0,0,0,0,0,0,0,0,0,0,0,0,0,0,0,0,0,0,0,0,0,0,0,0,0,0,0,0,0,0,0,0,0,0,0,0,0,0,0,0,0,0,0,0,0,0,0,0,0,0,0,0,0,0,0,0,0,0,0,0,0,0,0,0,0,0,0,0,0,0,0,0,0,0,0,0,0,0,0,0,0,0,0,0,0,0,0,0,0,0,0,0,0,0,0,0,0,0,0,0,0,0,0,0,0,0,0,0,0,0,0,0,0,0,0,0,0,0,0,0,0,0,0,0,0,0,0,0,0,0,0,0,0,0,0,0,0,0,0,0,0,0,0,0,0,0,0,0,0,0,0,0,0,0,0,0,0,0,0,0,0,0,0,0,0,0,0,0,0,0,0,0,0,0,0,0,0,0,0,0,0,0,0,0,0,0,0,0,0,0,0,0,0,0,0,0,0,0,0,0,0,0,0,0,0,0,0,0,0,0,0,0,0,0,0,0,0,0,0,0,0,0,0,0,0,0,0,0,0,0,0,0,0,0,0,0,0,0,0,0,0,0,0,0,0,0,0,0,0,0,0,0,0,0,0,0,0,0,0,0,0,0,0,0,0,0,0,0,0,0,0,0,0,0,0,0,0,0,0,0,0,0,0,0,0,0,0,0,0,0,0,0,0,0,0,0,0,0,0,0,0,0,0,0,0,0,0,0,0,0,0,0,0,0,0,0,0,0,0,0,0,0,0,0,0,0,0,0,0,0,0,0,0,0,0,0,0,0,0,0,0,0,0,0,0,0,0,0,0,0,0,0,0,0,0,0,0,0,0,0,0,0,0,0,0,0,0,0,0,0,0,0,0,0,0,0,0,0,0,0,0,0,0,0,0,0,0,0,0,0,0,0,0,0,0,0,0,0,0,0,0,0,0,0,0,0,0,0,0,0,0,0,0,0,0,0,0,0,0,0,0,0,0,0,0,0,0,0,0,0,0,0,0,0,0,0,0,0,0,0,0,0,0,0,0,0,0,0,0,0,0,0,0,0,0,0,0,0,0,0,0,0,0,0,0,0,0,0,0,0,0,0,0,0,0,0,0,0,0,0,0,0,0,0,0,0,0,0,0,0,0,0,0,0,0,0,0,0,0,0,0,0,0,0,0,0,0,0,0,0,0,0,0,0,0,0,0,0,0,0,0,0,0,0,0,0,0,0,0,0,0,0,0,0,0,0,0,0,0,0,0,0,0,0,0,0,0,0,0,0,0,0,0,0,0,0,0,0,0,0,0,0,0,0,0,0]},"offset":5,"headerPosition":0,"lastEnd":0},"ssl":false,"_ending":true,"_mode":0,"_emitMessage":false,"_reader":{"offset":64,"lastChunk":false,"chunk":{"type":"Buffer","data":[84,0,0,0,31,0,1,114,101,115,117,108,116,0,0,0,0,0,0,0,0,0,0,23,0,4,255,255,255,255,0,0,68,0,0,0,11,0,1,0,0,0,1,50,67,0,0,0,13,83,69,76,69,67,84,32,49,0,90,0,0,0,5,73]},"chunkLength":64,"headerSize":1,"lengthPadding":-4,"header":90}},"queryQueue":[],"binary":false,"processID":59,"secretKey":-1279417123,"ssl":false,"activeQuery":null,"readyForQuery":true,"hasExecuted":true},"state":"INVALID"}},"_done":false},"_evictor":{},"_scheduledEviction":{"_called":false,"_idleTimeout":10000,"_idlePrev":{"_idleNext":"[Circular]","_idlePrev":"[Circular]","_timer":{"_list":"[Circular]"},"_unrefed":false,"msecs":10000,"nextTick":false},"_idleNext":{"_idleNext":"[Circular]","_idlePrev":"[Circular]","_timer":{"_list":"[Circular]"},"_unrefed":false,"msecs":10000,"nextTick":false},"_idleStart":50372,"_repeat":null,"_destroyed":false}},"lib":{"defaults":{"host":"localhost","user":"joe","database":"joe","password":null,"port":5432,"rows":0,"binary":false,"max":10,"idleTimeoutMillis":30000,"client_encoding":"","ssl":false,"parseInputDatesAsUTC":false,"statement_timeout":false},"_pools":[],"types":{"arrayParser":{}},"native":null},"oidMap":{},"arrayOidMap":{}},"importCache":{},"test":{"_trackRunningQueries":false,"_runningQueries":0}},"hooks":{},"uniqueKeys":{}},"_options":{"isNewRecord":true,"_schema":null,"_schemaDelimiter":""},"__eagerlyLoadedAssociations":[],"isNewRecord":false,"level":"debug","message":"Created new user:","timestamp":"2018-06-24T02:02:51.781Z"}
{"message":"Server starting up on Sat Jun 23 2018 22:04:16 GMT-0400 (EDT)","level":"info","timestamp":"2018-06-24T02:04:16.041Z"}
{"message":"Verifying database connection","level":"info","timestamp":"2018-06-24T02:04:16.042Z"}
{"message":"Server up, listening on port 9000","level":"info","timestamp":"2018-06-24T02:04:16.055Z"}
{"message":"Executing (default): SELECT 1+1 AS result","level":"debug","timestamp":"2018-06-24T02:04:16.086Z"}
{"message":"Database connection successful","level":"info","timestamp":"2018-06-24T02:04:16.087Z"}
{"message":"Received signup request for new user \"Joe Attardi\", username \"joe\"","level":"info","timestamp":"2018-06-24T02:04:20.373Z"}
{"message":"Creating new user","level":"debug","timestamp":"2018-06-24T02:04:20.373Z"}
{"message":"Executing (default): INSERT INTO \"Users\" (\"id\",\"username\",\"firstName\",\"lastName\",\"password\",\"createdAt\",\"updatedAt\") VALUES (DEFAULT,'joe','Joe','Attardi','sierra','2018-06-24 02:04:20.375 +00:00','2018-06-24 02:04:20.375 +00:00') RETURNING *;","level":"debug","timestamp":"2018-06-24T02:04:20.381Z"}
{"message":"Server starting up on Sat Jun 23 2018 22:04:57 GMT-0400 (EDT)","level":"info","timestamp":"2018-06-24T02:04:57.041Z"}
{"message":"Verifying database connection","level":"info","timestamp":"2018-06-24T02:04:57.042Z"}
{"message":"Server up, listening on port 9000","level":"info","timestamp":"2018-06-24T02:04:57.055Z"}
{"message":"Executing (default): SELECT 1+1 AS result","level":"debug","timestamp":"2018-06-24T02:04:57.083Z"}
{"message":"Database connection successful","level":"info","timestamp":"2018-06-24T02:04:57.084Z"}
{"message":"Received signup request for new user \"Joe Attardi\", username \"joe\"","level":"info","timestamp":"2018-06-24T02:04:59.096Z"}
{"message":"Creating new user","level":"debug","timestamp":"2018-06-24T02:04:59.096Z"}
{"message":"Executing (default): INSERT INTO \"Users\" (\"id\",\"username\",\"firstName\",\"lastName\",\"password\",\"createdAt\",\"updatedAt\") VALUES (DEFAULT,'joe','Joe','Attardi','sierra','2018-06-24 02:04:59.097 +00:00','2018-06-24 02:04:59.097 +00:00') RETURNING *;","level":"debug","timestamp":"2018-06-24T02:04:59.104Z"}
{"message":"Server starting up on Sat Jun 23 2018 22:05:08 GMT-0400 (EDT)","level":"info","timestamp":"2018-06-24T02:05:08.523Z"}
{"message":"Verifying database connection","level":"info","timestamp":"2018-06-24T02:05:08.524Z"}
{"message":"Server up, listening on port 9000","level":"info","timestamp":"2018-06-24T02:05:08.536Z"}
{"message":"Executing (default): SELECT 1+1 AS result","level":"debug","timestamp":"2018-06-24T02:05:08.567Z"}
{"message":"Database connection successful","level":"info","timestamp":"2018-06-24T02:05:08.568Z"}
{"message":"Received signup request for new user \"Joe Attardi\", username \"joe\"","level":"info","timestamp":"2018-06-24T02:05:11.797Z"}
{"message":"Creating new user","level":"debug","timestamp":"2018-06-24T02:05:11.797Z"}
{"message":"Executing (default): INSERT INTO \"Users\" (\"id\",\"username\",\"firstName\",\"lastName\",\"password\",\"createdAt\",\"updatedAt\") VALUES (DEFAULT,'joe','Joe','Attardi','sierra','2018-06-24 02:05:11.799 +00:00','2018-06-24 02:05:11.799 +00:00') RETURNING *;","level":"debug","timestamp":"2018-06-24T02:05:11.807Z"}
{"message":"Server starting up on Sat Jun 23 2018 22:05:18 GMT-0400 (EDT)","level":"info","timestamp":"2018-06-24T02:05:18.563Z"}
{"message":"Verifying database connection","level":"info","timestamp":"2018-06-24T02:05:18.564Z"}
{"message":"Server up, listening on port 9000","level":"info","timestamp":"2018-06-24T02:05:18.576Z"}
{"message":"Executing (default): SELECT 1+1 AS result","level":"debug","timestamp":"2018-06-24T02:05:18.607Z"}
{"message":"Database connection successful","level":"info","timestamp":"2018-06-24T02:05:18.608Z"}
{"message":"Received signup request for new user \"Joe Attardi\", username \"joe\"","level":"info","timestamp":"2018-06-24T02:05:20.426Z"}
{"message":"Creating new user","level":"debug","timestamp":"2018-06-24T02:05:20.426Z"}
{"message":"Executing (default): INSERT INTO \"Users\" (\"id\",\"username\",\"firstName\",\"lastName\",\"password\",\"createdAt\",\"updatedAt\") VALUES (DEFAULT,'joe','Joe','Attardi','sierra','2018-06-24 02:05:20.427 +00:00','2018-06-24 02:05:20.427 +00:00') RETURNING *;","level":"debug","timestamp":"2018-06-24T02:05:20.433Z"}
{"message":"Successfully created user with id 5","level":"debug","timestamp":"2018-06-24T02:05:20.436Z"}
{"message":"Server shutting down on Sat Jun 23 2018 22:05:55 GMT-0400 (EDT)","level":"info","timestamp":"2018-06-24T02:05:55.038Z"}
{"message":"Server starting up on Sat Jun 23 2018 22:09:56 GMT-0400 (EDT)","level":"info","timestamp":"2018-06-24T02:09:56.790Z"}
{"message":"Verifying database connection","level":"info","timestamp":"2018-06-24T02:09:56.791Z"}
{"message":"Server up, listening on port 9000","level":"info","timestamp":"2018-06-24T02:09:56.805Z"}
{"message":"Unable to connect to database, shutting down","level":"error","timestamp":"2018-06-24T02:09:56.819Z"}
{"message":"Server starting up on Sat Jun 23 2018 22:10:09 GMT-0400 (EDT)","level":"info","timestamp":"2018-06-24T02:10:09.878Z"}
{"message":"Verifying database connection","level":"info","timestamp":"2018-06-24T02:10:09.879Z"}
{"message":"Server up, listening on port 9000","level":"info","timestamp":"2018-06-24T02:10:09.892Z"}
{"message":"Executing (default): SELECT 1+1 AS result","level":"debug","timestamp":"2018-06-24T02:10:09.927Z"}
{"message":"Database connection successful","level":"info","timestamp":"2018-06-24T02:10:09.928Z"}
{"message":"Server shutting down on Sat Jun 23 2018 22:10:38 GMT-0400 (EDT)","level":"info","timestamp":"2018-06-24T02:10:38.957Z"}
{"message":"Server starting up on Sat Jun 23 2018 22:10:53 GMT-0400 (EDT)","level":"info","timestamp":"2018-06-24T02:10:53.799Z"}
{"message":"Verifying database connection","level":"info","timestamp":"2018-06-24T02:10:53.800Z"}
{"message":"Server up, listening on port 9000","level":"info","timestamp":"2018-06-24T02:10:53.814Z"}
{"message":"Executing (default): SELECT 1+1 AS result","level":"debug","timestamp":"2018-06-24T02:10:53.849Z"}
{"message":"Database connection successful","level":"info","timestamp":"2018-06-24T02:10:53.850Z"}
{"message":"Received signup request for new user \"Joe Attardi\", username \"joe\"","level":"info","timestamp":"2018-06-24T02:11:15.390Z"}
{"message":"Creating new user","level":"debug","timestamp":"2018-06-24T02:11:15.390Z"}
{"message":"Failed to create user 'joe': SequelizeConnectionRefusedError: connect ECONNREFUSED 127.0.0.1:5432","level":"error","timestamp":"2018-06-24T02:11:15.400Z"}
{"message":"Server starting up on Sat Jun 23 2018 22:11:38 GMT-0400 (EDT)","level":"info","timestamp":"2018-06-24T02:11:38.150Z"}
{"message":"Verifying database connection","level":"info","timestamp":"2018-06-24T02:11:38.151Z"}
{"message":"Server up, listening on port 9000","level":"info","timestamp":"2018-06-24T02:11:38.170Z"}
{"message":"Unable to connect to database, shutting down","level":"error","timestamp":"2018-06-24T02:11:38.184Z"}
{"message":"Server starting up on Sat Jun 23 2018 22:12:51 GMT-0400 (EDT)","level":"info","timestamp":"2018-06-24T02:12:51.968Z"}
{"message":"Verifying database connection","level":"info","timestamp":"2018-06-24T02:12:51.969Z"}
{"message":"Server up, listening on port 9000","level":"info","timestamp":"2018-06-24T02:12:51.981Z"}
{"message":"Executing (default): SELECT 1+1 AS result","level":"debug","timestamp":"2018-06-24T02:12:52.011Z"}
{"message":"Database connection successful","level":"info","timestamp":"2018-06-24T02:12:52.012Z"}
{"message":"Server starting up on Sat Jun 23 2018 22:16:56 GMT-0400 (EDT)","level":"info","timestamp":"2018-06-24T02:16:56.318Z"}
{"message":"Verifying database connection","level":"info","timestamp":"2018-06-24T02:16:56.320Z"}
{"message":"Server up, listening on port 9000","level":"info","timestamp":"2018-06-24T02:16:56.335Z"}
{"message":"Executing (default): SELECT 1+1 AS result","level":"debug","timestamp":"2018-06-24T02:16:56.367Z"}
{"message":"Database connection successful","level":"info","timestamp":"2018-06-24T02:16:56.368Z"}
{"message":"Server starting up on Sat Jun 23 2018 22:30:31 GMT-0400 (EDT)","level":"info","timestamp":"2018-06-24T02:30:31.033Z"}
{"message":"Verifying database connection","level":"info","timestamp":"2018-06-24T02:30:31.035Z"}
{"message":"Server up, listening on port 9000","level":"info","timestamp":"2018-06-24T02:30:31.051Z"}
{"message":"Executing (default): SELECT 1+1 AS result","level":"debug","timestamp":"2018-06-24T02:30:31.082Z"}
{"message":"Database connection successful","level":"info","timestamp":"2018-06-24T02:30:31.083Z"}
{"message":"Received signup request for new user \"Joe Attardi\", username \"joe\"","level":"info","timestamp":"2018-06-24T02:31:26.136Z"}
{"message":"Creating new user","level":"debug","timestamp":"2018-06-24T02:31:26.136Z"}
{"message":"Executing (default): INSERT INTO \"Users\" (\"id\",\"username\",\"firstName\",\"lastName\",\"email\",\"password\",\"createdAt\",\"updatedAt\") VALUES (DEFAULT,'joe','Joe','Attardi','joe@attardi.net','sierra','2018-06-24 02:31:26.137 +00:00','2018-06-24 02:31:26.137 +00:00') RETURNING *;","level":"debug","timestamp":"2018-06-24T02:31:26.148Z"}
{"message":"Successfully created user with id 1","level":"debug","timestamp":"2018-06-24T02:31:26.152Z"}
